 
2016-07-12, 15:22:14, mStations ,Code , 11 ,Info , Sation:6 EindBoren Type:7 
2016-07-12, 15:22:14, mStations ,Code , 12 ,Info , Sation:6 StartFrezen Type:7 
2016-07-12, 15:56:56, mStations ,Code , 13 ,Info , Sation:6 EindeFrezen Type:7 
2016-07-13, 08:10:24, Main ,Code , 18 ,Info , PP to main 
2016-07-13, 08:12:34, Offset ,Code , 31 ,Info , off:1 x=0.90 n=0.89 p=0.90 P1=-768.53 P2=787.54 
2016-07-13, 08:12:37, mStations ,Code , 14 ,Info , Sation:1 StartBoren Type:5 
2016-07-13, 08:18:28, mStations ,Code , 15 ,Info , Sation:1 EindeBoren Type:5 
2016-07-13, 08:18:28, mStations ,Code , 14 ,Info , Sation:2 StartBoren Type:5 
2016-07-13, 08:22:55, mStations ,Code , 15 ,Info , Sation:2 EindeBoren Type:5 
2016-07-13, 08:22:55, mStations ,Code , 14 ,Info , Sation:3 StartBoren Type:5 
2016-07-13, 08:27:23, mStations ,Code , 15 ,Info , Sation:3 EindeBoren Type:5 
2016-07-13, 08:27:23, mStations ,Code , 14 ,Info , Sation:4 StartBoren Type:5 
2016-07-13, 08:31:49, mStations ,Code , 15 ,Info , Sation:4 EindeBoren Type:5 
2016-07-13, 08:31:49, mStations ,Code , 16 ,Info , Sation:1 StartFrezen Type:5 
2016-07-13, 08:31:49, mStations ,Code , 17 ,Info , Sation:1 EindeFrezen Type:5 
2016-07-13, 08:31:49, mStations ,Code , 16 ,Info , Sation:2 StartFrezen Type:5 
2016-07-13, 08:31:49, mStations ,Code , 17 ,Info , Sation:2 EindeFrezen Type:5 
2016-07-13, 08:31:49, mStations ,Code , 16 ,Info , Sation:3 StartFrezen Type:5 
2016-07-13, 08:31:49, mStations ,Code , 17 ,Info , Sation:3 EindeFrezen Type:5 
2016-07-13, 08:31:49, mStations ,Code , 16 ,Info , Sation:4 StartFrezen Type:5 
2016-07-13, 08:31:49, mStations ,Code , 17 ,Info , Sation:4 EindeFrezen Type:5 
2016-07-13, 08:41:13, Offset ,Code , 31 ,Info , off:1 x=1.92 n=2.94 p=0.90 P1=-770.58 P2=787.54 
2016-07-13, 08:42:21, Offset ,Code , 31 ,Info , off:2 x=1.96 n=3.05 p=0.87 P1=-770.69 P2=787.57 
2016-07-13, 08:43:29, Offset ,Code , 31 ,Info , off:3 x=2.92 n=2.88 p=2.96 P1=-770.53 P2=785.47 
2016-07-13, 08:43:51, mBuffer ,Code , 8 ,Info , Buffer:2 leeg (rDecr) 
2016-07-13, 08:44:44, Offset ,Code , 31 ,Info , off:4 x=2.82 n=2.90 p=2.74 P1=-770.55 P2=785.70 
2016-07-13, 08:44:46, mStations ,Code , 14 ,Info , Sation:1 StartBoren Type:5 
2016-07-13, 08:50:03, mStations ,Code , 15 ,Info , Sation:1 EindeBoren Type:5 
2016-07-13, 08:50:03, mStations ,Code , 14 ,Info , Sation:2 StartBoren Type:5 
2016-07-13, 08:55:50, mStations ,Code , 15 ,Info , Sation:2 EindeBoren Type:5 
2016-07-13, 08:55:50, mStations ,Code , 14 ,Info , Sation:3 StartBoren Type:5 
2016-07-13, 09:00:18, mStations ,Code , 15 ,Info , Sation:3 EindeBoren Type:5 
2016-07-13, 09:00:18, mStations ,Code , 14 ,Info , Sation:4 StartBoren Type:5 
2016-07-13, 09:04:44, mStations ,Code , 15 ,Info , Sation:4 EindeBoren Type:5 
2016-07-13, 09:04:44, mStations ,Code , 16 ,Info , Sation:1 StartFrezen Type:5 
2016-07-13, 09:04:44, mStations ,Code , 17 ,Info , Sation:1 EindeFrezen Type:5 
2016-07-13, 09:04:44, mStations ,Code , 16 ,Info , Sation:2 StartFrezen Type:5 
2016-07-13, 09:04:44, mStations ,Code , 17 ,Info , Sation:2 EindeFrezen Type:5 
2016-07-13, 09:04:44, mStations ,Code , 16 ,Info , Sation:3 StartFrezen Type:5 
2016-07-13, 09:04:44, mStations ,Code , 17 ,Info , Sation:3 EindeFrezen Type:5 
2016-07-13, 09:04:44, mStations ,Code , 16 ,Info , Sation:4 StartFrezen Type:5 
2016-07-13, 09:04:44, mStations ,Code , 17 ,Info , Sation:4 EindeFrezen Type:5 
2016-07-13, 09:06:00, mBuffer ,Code , 5 ,Info , Buffer:2 Vol (target) 
2016-07-13, 09:06:10, mStations ,Code , 16 ,Info , Sation:1 StartFrezen Type:5 
2016-07-13, 09:06:10, mStations ,Code , 17 ,Info , Sation:1 EindeFrezen Type:5 
2016-07-13, 09:06:10, mStations ,Code , 16 ,Info , Sation:2 StartFrezen Type:5 
2016-07-13, 09:06:10, mStations ,Code , 17 ,Info , Sation:2 EindeFrezen Type:5 
2016-07-13, 09:06:10, mStations ,Code , 16 ,Info , Sation:3 StartFrezen Type:5 
2016-07-13, 09:06:10, mStations ,Code , 17 ,Info , Sation:3 EindeFrezen Type:5 
2016-07-13, 09:06:15, mStations ,Code , 16 ,Info , Sation:1 StartFrezen Type:5 
2016-07-13, 09:06:15, mStations ,Code , 17 ,Info , Sation:1 EindeFrezen Type:5 
2016-07-13, 09:06:15, mStations ,Code , 16 ,Info , Sation:2 StartFrezen Type:5 
2016-07-13, 09:06:15, mStations ,Code , 17 ,Info , Sation:2 EindeFrezen Type:5 
2016-07-13, 09:06:15, mStations ,Code , 16 ,Info , Sation:3 StartFrezen Type:5 
2016-07-13, 09:06:15, mStations ,Code , 17 ,Info , Sation:3 EindeFrezen Type:5 
2016-07-13, 09:06:20, mStations ,Code , 16 ,Info , Sation:1 StartFrezen Type:5 
2016-07-13, 09:06:20, mStations ,Code , 17 ,Info , Sation:1 EindeFrezen Type:5 
2016-07-13, 09:06:20, mStations ,Code , 16 ,Info , Sation:2 StartFrezen Type:5 
2016-07-13, 09:06:20, mStations ,Code , 17 ,Info , Sation:2 EindeFrezen Type:5 
2016-07-13, 09:06:20, mStations ,Code , 16 ,Info , Sation:3 StartFrezen Type:5 
2016-07-13, 09:06:20, mStations ,Code , 17 ,Info , Sation:3 EindeFrezen Type:5 
2016-07-13, 09:06:25, mStations ,Code , 16 ,Info , Sation:1 StartFrezen Type:5 
2016-07-13, 09:06:25, mStations ,Code , 17 ,Info , Sation:1 EindeFrezen Type:5 
2016-07-13, 09:06:25, mStations ,Code , 16 ,Info , Sation:2 StartFrezen Type:5 
2016-07-13, 09:06:25, mStations ,Code , 17 ,Info , Sation:2 EindeFrezen Type:5 
2016-07-13, 09:06:25, mStations ,Code , 16 ,Info , Sation:3 StartFrezen Type:5 
2016-07-13, 09:06:25, mStations ,Code , 17 ,Info , Sation:3 EindeFrezen Type:5 
2016-07-13, 09:06:30, mStations ,Code , 16 ,Info , Sation:1 StartFrezen Type:5 
2016-07-13, 09:06:30, mStations ,Code , 17 ,Info , Sation:1 EindeFrezen Type:5 
2016-07-13, 09:06:30, mStations ,Code , 16 ,Info , Sation:2 StartFrezen Type:5 
2016-07-13, 09:06:30, mStations ,Code , 17 ,Info , Sation:2 EindeFrezen Type:5 
2016-07-13, 09:06:30, mStations ,Code , 16 ,Info , Sation:3 StartFrezen Type:5 
2016-07-13, 09:06:30, mStations ,Code , 17 ,Info , Sation:3 EindeFrezen Type:5 
2016-07-13, 09:06:35, mStations ,Code , 16 ,Info , Sation:1 StartFrezen Type:5 
2016-07-13, 09:06:35, mStations ,Code , 17 ,Info , Sation:1 EindeFrezen Type:5 
2016-07-13, 09:06:35, mStations ,Code , 16 ,Info , Sation:2 StartFrezen Type:5 
2016-07-13, 09:06:35, mStations ,Code , 17 ,Info , Sation:2 EindeFrezen Type:5 
2016-07-13, 09:06:35, mStations ,Code , 16 ,Info , Sation:3 StartFrezen Type:5 
2016-07-13, 09:06:35, mStations ,Code , 17 ,Info , Sation:3 EindeFrezen Type:5 
2016-07-13, 09:06:40, mStations ,Code , 16 ,Info , Sation:1 StartFrezen Type:5 
2016-07-13, 09:06:40, mStations ,Code , 17 ,Info , Sation:1 EindeFrezen Type:5 
2016-07-13, 09:06:40, mStations ,Code , 16 ,Info , Sation:2 StartFrezen Type:5 
2016-07-13, 09:06:40, mStations ,Code , 17 ,Info , Sation:2 EindeFrezen Type:5 
2016-07-13, 09:06:40, mStations ,Code , 16 ,Info , Sation:3 StartFrezen Type:5 
2016-07-13, 09:06:40, mStations ,Code , 17 ,Info , Sation:3 EindeFrezen Type:5 
2016-07-13, 09:09:28, mBuffer ,Code , 5 ,Info , Buffer:2 Vol (target) 
2016-07-13, 10:13:01, Main ,Code , 18 ,Info , PP to main 
2016-07-13, 10:16:22, Offset ,Code , 31 ,Info , off:1 x=-0.15 n=0.94 p=-1.24 P1=-768.58 P2=789.68 
2016-07-13, 10:18:15, Offset ,Code , 31 ,Info , off:2 x=0.89 n=1.03 p=0.75 P1=-768.68 P2=787.69 
2016-07-13, 10:19:23, Offset ,Code , 31 ,Info , off:3 x=1.01 n=1.12 p=0.91 P1=-768.76 P2=787.53 
2016-07-13, 10:20:41, Offset ,Code , 31 ,Info , off:4 x=2.93 n=2.91 p=2.95 P1=-770.55 P2=785.49 
2016-07-13, 10:20:42, mStations ,Code , 14 ,Info , Sation:1 StartBoren Type:4 
2016-07-13, 10:26:29, mStations ,Code , 15 ,Info , Sation:1 EindeBoren Type:4 
2016-07-13, 10:26:29, mStations ,Code , 14 ,Info , Sation:2 StartBoren Type:4 
2016-07-13, 10:31:25, mStations ,Code , 15 ,Info , Sation:2 EindeBoren Type:4 
2016-07-13, 10:31:25, mStations ,Code , 14 ,Info , Sation:3 StartBoren Type:4 
2016-07-13, 10:36:22, mStations ,Code , 15 ,Info , Sation:3 EindeBoren Type:4 
2016-07-13, 10:36:22, mStations ,Code , 14 ,Info , Sation:4 StartBoren Type:4 
2016-07-13, 10:41:20, mStations ,Code , 15 ,Info , Sation:4 EindeBoren Type:4 
2016-07-13, 10:41:20, mStations ,Code , 16 ,Info , Sation:1 StartFrezen Type:4 
2016-07-13, 10:49:24, mStations ,Code , 17 ,Info , Sation:1 EindeFrezen Type:4 
2016-07-13, 10:49:24, mStations ,Code , 16 ,Info , Sation:2 StartFrezen Type:4 
2016-07-13, 10:54:08, mStations ,Code , 17 ,Info , Sation:2 EindeFrezen Type:4 
2016-07-13, 10:54:08, mStations ,Code , 16 ,Info , Sation:3 StartFrezen Type:4 
2016-07-13, 10:58:47, mStations ,Code , 17 ,Info , Sation:3 EindeFrezen Type:4 
2016-07-13, 10:58:47, mStations ,Code , 16 ,Info , Sation:4 StartFrezen Type:4 
2016-07-13, 11:03:34, mStations ,Code , 17 ,Info , Sation:4 EindeFrezen Type:4 
2016-07-13, 11:03:34, mStations ,Code , 16 ,Info , Sation:1 StartFrezen Type:4 
2016-07-13, 11:10:59, Offset ,Code , 31 ,Info , off:1 x=0.99 n=1.39 p=0.59 P1=-769.03 P2=787.85 
2016-07-13, 11:11:47, Offset ,Code , 31 ,Info , off:2 x=0.97 n=1.57 p=0.37 P1=-769.21 P2=788.07 
2016-07-13, 11:12:40, Offset ,Code , 31 ,Info , off:3 x=2.90 n=3.42 p=2.38 P1=-771.07 P2=786.05 
2016-07-13, 11:13:39, Offset ,Code , 31 ,Info , off:4 x=1.24 n=1.41 p=1.07 P1=-769.06 P2=787.37 
2016-07-15, 08:32:05, Main ,Code , 18 ,Info , PP to main 
2016-07-15, 09:07:51, Main ,Code , 18 ,Info , PP to main 
2016-07-15, 09:29:42, Main ,Code , 18 ,Info , PP to main 
2016-07-15, 09:29:57, mStations ,Code , 10 ,Info , Sation:6 StartBoren Type:8 
2016-07-15, 09:37:31, Main ,Code , 18 ,Info , PP to main 
2016-07-15, 09:37:50, mStations ,Code , 10 ,Info , Sation:6 StartBoren Type:8 
2016-07-15, 09:41:22, mStations ,Code , 11 ,Info , Sation:6 EindBoren Type:8 
2016-07-15, 09:41:22, mStations ,Code , 12 ,Info , Sation:6 StartFrezen Type:8 
2016-07-15, 10:30:57, Main ,Code , 18 ,Info , PP to main 
2016-07-15, 10:30:57, mStations ,Code , 14 ,Info , Sation:1 StartBoren Type:4 
2016-07-15, 10:36:25, mStations ,Code , 15 ,Info , Sation:1 EindeBoren Type:4 
2016-07-15, 10:36:25, mStations ,Code , 14 ,Info , Sation:2 StartBoren Type:4 
2016-07-15, 10:41:22, mStations ,Code , 15 ,Info , Sation:2 EindeBoren Type:4 
2016-07-15, 10:41:22, mStations ,Code , 14 ,Info , Sation:3 StartBoren Type:4 
2016-07-15, 10:46:17, mStations ,Code , 15 ,Info , Sation:3 EindeBoren Type:4 
2016-07-15, 10:46:17, mStations ,Code , 14 ,Info , Sation:4 StartBoren Type:4 
2016-07-15, 10:51:14, mStations ,Code , 15 ,Info , Sation:4 EindeBoren Type:4 
2016-07-15, 10:51:14, mStations ,Code , 16 ,Info , Sation:1 StartFrezen Type:4 
2016-07-15, 10:56:32, mStations ,Code , 17 ,Info , Sation:1 EindeFrezen Type:4 
2016-07-15, 10:56:32, mStations ,Code , 16 ,Info , Sation:2 StartFrezen Type:4 
2016-07-15, 11:01:40, mStations ,Code , 17 ,Info , Sation:2 EindeFrezen Type:4 
2016-07-15, 11:01:40, mStations ,Code , 16 ,Info , Sation:3 StartFrezen Type:4 
2016-07-15, 11:06:49, mStations ,Code , 17 ,Info , Sation:3 EindeFrezen Type:4 
2016-07-15, 11:06:49, mStations ,Code , 16 ,Info , Sation:4 StartFrezen Type:4 
2016-07-15, 11:11:53, mStations ,Code , 17 ,Info , Sation:4 EindeFrezen Type:4 
2016-07-15, 11:11:54, mStations ,Code , 16 ,Info , Sation:1 StartFrezen Type:4 
2016-07-15, 11:14:33, mStations ,Code , 17 ,Info , Sation:1 EindeFrezen Type:4 
2016-07-15, 11:14:33, mStations ,Code , 16 ,Info , Sation:2 StartFrezen Type:4 
2016-07-15, 11:19:05, Main ,Code , 18 ,Info , PP to main 
2016-07-15, 11:26:50, Main ,Code , 18 ,Info , PP to main 
2016-07-15, 11:30:12, Offset ,Code , 31 ,Info , off:1 x=3.75 n=4.89 p=2.61 P1=-772.53 P2=785.82 
2016-07-15, 11:31:20, Offset ,Code , 31 ,Info , off:2 x=2.99 n=2.96 p=3.01 P1=-770.60 P2=785.43 
2016-07-15, 11:32:29, mBuffer ,Code , 8 ,Info , Buffer:2 leeg (rDecr) 
2016-07-15, 11:33:17, Offset ,Code , 31 ,Info , off:3 x=2.98 n=3.07 p=2.89 P1=-770.71 P2=785.54 
2016-07-15, 11:35:27, Offset ,Code , 31 ,Info , off:4 x=-0.13 n=0.91 p=-1.17 P1=-768.55 P2=789.61 
2016-07-15, 11:35:28, mStations ,Code , 14 ,Info , Sation:1 StartBoren Type:4 
2016-07-15, 11:40:50, Main ,Code , 18 ,Info , PP to main 
2016-07-15, 11:40:58, mStations ,Code , 14 ,Info , Sation:1 StartBoren Type:4 
2016-07-15, 11:43:30, Main ,Code , 18 ,Info , PP to main 
2016-07-15, 11:43:43, mStations ,Code , 14 ,Info , Sation:1 StartBoren Type:4 
2016-07-15, 11:50:50, mStations ,Code , 15 ,Info , Sation:1 EindeBoren Type:4 
2016-07-15, 11:50:50, mStations ,Code , 14 ,Info , Sation:2 StartBoren Type:5 
2016-07-15, 11:54:15, mStations ,Code , 15 ,Info , Sation:2 EindeBoren Type:5 
2016-07-15, 11:54:15, mStations ,Code , 14 ,Info , Sation:3 StartBoren Type:5 
2016-07-15, 11:57:18, mStations ,Code , 15 ,Info , Sation:3 EindeBoren Type:5 
2016-07-15, 11:57:18, mStations ,Code , 14 ,Info , Sation:4 StartBoren Type:5 
2016-07-15, 12:00:51, mStations ,Code , 15 ,Info , Sation:4 EindeBoren Type:5 
2016-07-15, 12:00:51, mStations ,Code , 16 ,Info , Sation:1 StartFrezen Type:4 
2016-07-15, 12:06:51, mStations ,Code , 17 ,Info , Sation:1 EindeFrezen Type:4 
2016-07-15, 12:14:48, Main ,Code , 18 ,Info , PP to main 
2016-07-15, 12:19:33, mBuffer ,Code , 5 ,Info , Buffer:2 Vol (target) 
2016-07-15, 12:21:39, Offset ,Code , 31 ,Info , off:1 x=0.38 n=0.89 p=-0.14 P1=-768.53 P2=788.57 
2016-07-15, 12:23:44, Offset ,Code , 31 ,Info , off:2 x=0.79 n=1.04 p=0.53 P1=-768.68 P2=787.90 
2016-07-15, 12:24:47, Offset ,Code , 31 ,Info , off:3 x=1.00 n=1.17 p=0.83 P1=-768.81 P2=787.61 
2016-07-15, 12:25:39, Main ,Code , 18 ,Info , PP to main 
2016-07-15, 12:28:26, Offset ,Code , 31 ,Info , off:4 x=0.90 n=0.97 p=0.83 P1=-768.62 P2=787.61 
2016-07-15, 12:29:08, mStations ,Code , 14 ,Info , Sation:1 StartBoren Type:4 
2016-07-15, 12:33:26, mStations ,Code , 15 ,Info , Sation:1 EindeBoren Type:4 
2016-07-15, 12:33:26, mStations ,Code , 14 ,Info , Sation:2 StartBoren Type:4 
2016-07-15, 12:36:46, mStations ,Code , 15 ,Info , Sation:2 EindeBoren Type:4 
2016-07-15, 12:36:46, mStations ,Code , 14 ,Info , Sation:3 StartBoren Type:4 
2016-07-15, 12:40:07, mStations ,Code , 15 ,Info , Sation:3 EindeBoren Type:4 
2016-07-15, 12:40:07, mStations ,Code , 14 ,Info , Sation:4 StartBoren Type:4 
2016-07-15, 12:43:27, mStations ,Code , 15 ,Info , Sation:4 EindeBoren Type:4 
2016-07-15, 12:43:27, mStations ,Code , 16 ,Info , Sation:1 StartFrezen Type:4 
2016-07-15, 12:50:00, mStations ,Code , 17 ,Info , Sation:1 EindeFrezen Type:4 
2016-07-15, 12:50:00, mStations ,Code , 16 ,Info , Sation:2 StartFrezen Type:4 
2016-07-15, 12:57:48, mStations ,Code , 17 ,Info , Sation:2 EindeFrezen Type:4 
2016-07-15, 12:57:48, mStations ,Code , 16 ,Info , Sation:3 StartFrezen Type:4 
2016-07-15, 13:06:02, mStations ,Code , 17 ,Info , Sation:3 EindeFrezen Type:4 
2016-07-15, 13:06:02, mStations ,Code , 16 ,Info , Sation:4 StartFrezen Type:4 
2016-07-15, 13:11:57, mStations ,Code , 17 ,Info , Sation:4 EindeFrezen Type:4 
2016-07-15, 13:19:38, Main ,Code , 18 ,Info , PP to main 
2016-07-15, 13:29:00, Main ,Code , 18 ,Info , PP to main 
2016-07-15, 13:32:14, Offset ,Code , 31 ,Info , off:1 x=1.83 n=2.81 p=0.84 P1=-770.45 P2=787.60 
2016-07-15, 13:33:12, Offset ,Code , 31 ,Info , off:2 x=1.69 n=3.04 p=0.34 P1=-770.68 P2=788.10 
2016-07-15, 13:34:14, Offset ,Code , 31 ,Info , off:3 x=2.67 n=3.06 p=2.28 P1=-770.71 P2=786.16 
2016-07-15, 13:35:29, Offset ,Code , 31 ,Info , off:4 x=0.48 n=0.35 p=0.61 P1=-767.99 P2=787.83 
2016-07-15, 13:35:30, mStations ,Code , 14 ,Info , Sation:1 StartBoren Type:4 
2016-07-17, 12:58:30, Main ,Code , 18 ,Info , PP to main 
2016-07-17, 13:01:56, Main ,Code , 18 ,Info , PP to main 
2016-07-17, 14:53:36, Main ,Code , 18 ,Info , PP to main 
2016-07-17, 15:10:42, Main ,Code , 18 ,Info , PP to main 
2016-07-17, 15:13:02, Main ,Code , 18 ,Info , PP to main 
2016-07-17, 15:13:53, mSations ,Code , 1 ,Info , Onafgewerkt stuk in station:1 
2016-07-17, 15:14:15, Main ,Code , 18 ,Info , PP to main 
2016-07-17, 15:14:15, mSations ,Code , 1 ,Info , Onafgewerkt stuk in station:1 
2016-07-17, 18:47:28, Cycletime ,Code , 99 ,Info , Ontlaad Station:1 naar buffer:2 |Time:5.66 
2016-07-17, 18:47:28, Main ,Code , 18 ,Info , PP to main 
2016-07-17, 11:21:08, Main ,Code , 18 ,Info , PP to main 
2016-07-17, 11:22:22, mSations ,Code , 1 ,Info , Onafgewerkt stuk in station:1 
2016-07-17, 11:28:14, Main ,Code , 18 ,Info , PP to main 
2016-07-17, 11:30:28, Offset ,Code , 31 ,Info , off:1 x=0.28 n=1.26 p=-0.69 P1=-768.90 P2=789.13 
2016-07-17, 11:30:29, Cycletime ,Code , 99 ,Info , Laad Station:1 van Buffer:1 |Time:135.10 
2016-07-17, 11:31:19, Offset ,Code , 31 ,Info , off:2 x=0.71 n=1.52 p=-0.09 P1=-769.16 P2=788.53 
2016-07-17, 11:31:19, Cycletime ,Code , 99 ,Info , Laad Station:2 van Buffer:1 |Time:50.80 
2016-07-17, 11:32:24, Offset ,Code , 31 ,Info , off:3 x=5.43 n=5.23 p=5.63 P1=-772.88 P2=782.81 
2016-07-17, 11:32:25, Cycletime ,Code , 99 ,Info , Laad Station:3 van Buffer:1 |Time:65.30 
2016-07-17, 11:33:24, Offset ,Code , 31 ,Info , off:4 x=1.43 n=1.36 p=1.50 P1=-769.00 P2=786.93 
2016-07-17, 11:33:25, Cycletime ,Code , 99 ,Info , Laad Station:4 van Buffer:1 |Time:59.98 
2016-07-17, 11:37:32, Main ,Code , 18 ,Info , PP to main 
2016-07-17, 11:47:47, Cycletime ,Code , 99 ,Info , Sation:1 Boren Type:4 |Time:566.67 
2016-07-17, 11:50:41, Cycletime ,Code , 99 ,Info , Sation:2 Boren Type:5 |Time:173.98 
2016-07-17, 11:53:50, Cycletime ,Code , 99 ,Info , Sation:3 Boren Type:4 |Time:188.77 
2016-07-17, 11:56:44, Cycletime ,Code , 99 ,Info , Sation:4 Boren Type:5 |Time:173.95 
2016-07-17, 12:03:02, Cycletime ,Code , 99 ,Info , Sation:1 Frezen Type:4 |Time:377.63 
2016-07-17, 12:33:07, Cycletime ,Code , 99 ,Info , Sation:3 Frezen Type:4 |Time:1766.45 
2016-07-17, 12:42:33, Cycletime ,Code , 99 ,Info , Ontlaad Station:4 naar buffer:2 |Time:485.06 
2016-07-17, 12:43:04, Cycletime ,Code , 99 ,Info , Ontlaad Station:3 naar buffer:2 |Time:31.02 
2016-07-17, 12:43:29, Cycletime ,Code , 99 ,Info , Ontlaad Station:2 naar buffer:2 |Time:25.34 
2016-07-17, 12:47:41, mBuffer ,Code , 10 ,Info , Buffer:2 vol (rIncr) 
2016-07-17, 12:48:05, Cycletime ,Code , 99 ,Info , Ontlaad Station:1 naar buffer:2 |Time:275.47 
2016-07-17, 13:46:18, Main ,Code , 18 ,Info , PP to main 
2016-07-17, 13:52:48, Offset ,Code , 31 ,Info , off:1 x=-0.71 n=-0.73 p=-0.69 P1=-766.91 P2=789.12 
2016-07-17, 13:52:49, Cycletime ,Code , 99 ,Info , Laad Station:1 van Buffer:4 |Time:258.85 
2016-07-17, 13:53:44, Offset ,Code , 31 ,Info , off:2 x=0.50 n=1.44 p=-0.44 P1=-769.08 P2=788.87 
2016-07-17, 13:53:45, Cycletime ,Code , 99 ,Info , Laad Station:2 van Buffer:4 |Time:55.97 
2016-07-17, 13:54:37, Offset ,Code , 31 ,Info , off:3 x=0.48 n=1.26 p=-0.29 P1=-768.90 P2=788.73 
2016-07-17, 13:54:38, Cycletime ,Code , 99 ,Info , Laad Station:3 van Buffer:4 |Time:53.23 
2016-07-17, 14:13:49, Offset ,Code , 31 ,Info , off:4 x=1.43 n=1.55 p=1.31 P1=-769.19 P2=787.13 
2016-07-17, 14:13:50, Cycletime ,Code , 99 ,Info , Laad Station:4 van Buffer:4 |Time:1152.19 
2016-07-17, 14:17:40, Cycletime ,Code , 99 ,Info , Sation:1 Boren Type:5 |Time:230.16 
2016-07-17, 14:20:34, Cycletime ,Code , 99 ,Info , Sation:2 Boren Type:5 |Time:173.98 
2016-07-17, 14:23:28, Cycletime ,Code , 99 ,Info , Sation:3 Boren Type:5 |Time:173.98 
2016-07-17, 14:26:22, Cycletime ,Code , 99 ,Info , Sation:4 Boren Type:5 |Time:173.93 
2016-07-17, 14:27:44, mBuffer ,Code , 18 ,Info , Buffer:4 leeg (rDecr) 
2016-07-17, 14:36:39, Main ,Code , 18 ,Info , PP to main 
2016-07-17, 14:45:14, Cycletime ,Code , 99 ,Info , Ontlaad Station:4 naar buffer:4 |Time:403.87 
2016-07-17, 14:50:21, Cycletime ,Code , 99 ,Info , Ontlaad Station:3 naar buffer:4 |Time:307.06 
2016-07-17, 14:50:56, Cycletime ,Code , 99 ,Info , Ontlaad Station:2 naar buffer:4 |Time:35.38 
2016-07-17, 14:50:56, mSations ,Code , 1 ,Info , Onafgewerkt stuk in station:1 
2016-07-17, 14:51:55, Main ,Code , 18 ,Info , PP to main 
2016-07-17, 14:52:15, mSations ,Code , 1 ,Info , Onafgewerkt stuk in station:1 
2016-07-17, 14:53:08, Main ,Code , 18 ,Info , PP to main 
2016-07-17, 14:53:08, mSations ,Code , 1 ,Info , Onafgewerkt stuk in station:1 
2016-07-17, 14:53:45, Main ,Code , 18 ,Info , PP to main 
2016-07-17, 15:00:35, Main ,Code , 18 ,Info , PP to main 
2016-07-17, 15:03:05, Offset ,Code , 31 ,Info , off:1 x=2.23 n=3.25 p=1.21 P1=-770.90 P2=787.23 
2016-07-17, 15:03:05, Cycletime ,Code , 99 ,Info , Laad Station:1 van Buffer:1 |Time:129.70 
2016-07-17, 15:04:01, Offset ,Code , 31 ,Info , off:4 x=2.15 n=3.42 p=0.88 P1=-771.06 P2=787.56 
2016-07-17, 15:04:01, Cycletime ,Code , 99 ,Info , Laad Station:4 van Buffer:1 |Time:56.05 
2016-07-17, 15:08:39, Cycletime ,Code , 99 ,Info , Sation:1 Boren Type:5 |Time:214.64 
2016-07-17, 15:11:38, Cycletime ,Code , 99 ,Info , Sation:4 Boren Type:5 |Time:179.55 
2016-07-17, 15:13:50, Cycletime ,Code , 99 ,Info , Ontlaad Station:4 naar buffer:4 |Time:34.46 
2016-07-17, 15:15:08, Cycletime ,Code , 99 ,Info , Ontlaad Station:1 naar buffer:4 |Time:77.82 
2016-07-17, 15:15:59, Offset ,Code , 31 ,Info , off:1 x=0.86 n=1.27 p=0.46 P1=-768.91 P2=787.98 
2016-07-17, 15:15:59, Cycletime ,Code , 99 ,Info , Laad Station:1 van Buffer:1 |Time:51.82 
2016-07-17, 15:16:55, Offset ,Code , 31 ,Info , off:4 x=-0.54 n=-0.57 p=-0.50 P1=-767.07 P2=788.94 
2016-07-17, 15:16:56, Cycletime ,Code , 99 ,Info , Laad Station:4 van Buffer:1 |Time:56.68 
2016-07-17, 15:20:32, Cycletime ,Code , 99 ,Info , Sation:1 Boren Type:5 |Time:216.14 
2016-07-17, 15:22:42, mBuffer ,Code , 5 ,Info , Buffer:4 Vol (target) 
2016-07-17, 15:22:42, Cycletime ,Code , 99 ,Info , Ontlaad Station:1 naar buffer:4 |Time:129.40 
2016-07-17, 15:24:49, Offset ,Code , 31 ,Info , meeting NOK max retry station:1 OUT OF USE 
2016-07-17, 15:26:35, Main ,Code , 18 ,Info , PP to main 
2016-07-17, 15:29:53, Offset ,Code , 31 ,Info , off:1 x=19.25 n=19.27 p=19.24 P1=-786.91 P2=769.20 
2016-07-17, 15:29:53, Offset ,Code , 31 ,Info , hermeeting 
2016-07-17, 15:30:21, Offset ,Code , 31 ,Info , off:1 x=0.15 n=1.34 p=-1.04 P1=-768.98 P2=789.47 
2016-07-17, 15:30:22, Cycletime ,Code , 99 ,Info , Laad Station:1 van Buffer:1 |Time:136.93 
2016-07-17, 15:31:23, Offset ,Code , 31 ,Info , off:2 x=16.72 n=17.33 p=16.12 P1=-784.98 P2=772.32 
2016-07-17, 15:31:23, Offset ,Code , 31 ,Info , hermeeting 
2016-07-17, 15:31:52, Offset ,Code , 31 ,Info , off:2 x=-0.28 n=1.46 p=-2.02 P1=-769.10 P2=790.45 
2016-07-17, 15:31:53, Cycletime ,Code , 99 ,Info , Laad Station:2 van Buffer:1 |Time:90.95 
2016-07-17, 15:32:46, Offset ,Code , 31 ,Info , off:3 x=0.48 n=1.26 p=-0.29 P1=-768.90 P2=788.72 
2016-07-17, 15:32:46, Cycletime ,Code , 99 ,Info , Laad Station:3 van Buffer:1 |Time:53.55 
2016-07-17, 15:37:15, Cycletime ,Code , 99 ,Info , Sation:1 Boren Type:5 |Time:220.52 
2016-07-17, 15:45:54, mBuffer ,Code , 5 ,Info , Buffer:4 Vol (target) 
2016-07-17, 15:45:54, Cycletime ,Code , 99 ,Info , Ontlaad Station:1 naar buffer:4 |Time:351.95 
2016-07-17, 15:46:42, Offset ,Code , 31 ,Info , off:1 x=0.00 n=1.32 p=-1.31 P1=-768.96 P2=789.75 
2016-07-17, 15:46:42, Cycletime ,Code , 99 ,Info , Laad Station:1 van Buffer:1 |Time:47.74 
2016-07-17, 15:51:06, Cycletime ,Code , 99 ,Info , Sation:1 Boren Type:5 |Time:223.14 
2016-07-17, 15:54:00, Cycletime ,Code , 99 ,Info , Sation:2 Boren Type:5 |Time:173.99 
2016-07-19, 12:59:30, Main ,Code , 18 ,Info , PP to main 
2016-07-19, 13:00:52, Main ,Code , 18 ,Info , PP to main 
2016-07-19, 13:03:12, mBuffer ,Code , 8 ,Info , Buffer:1 leeg (rDecr) 
2016-07-19, 13:03:20, mBuffer ,Code , 8 ,Info , Buffer:1 leeg (rDecr) 
2016-07-19, 13:03:26, mBuffer ,Code , 8 ,Info , Buffer:1 leeg (rDecr) 
2016-07-19, 13:03:31, mBuffer ,Code , 8 ,Info , Buffer:1 leeg (rDecr) 
2016-07-19, 13:03:37, mBuffer ,Code , 8 ,Info , Buffer:1 leeg (rDecr) 
2016-07-19, 13:03:42, mBuffer ,Code , 8 ,Info , Buffer:1 leeg (rDecr) 
2016-07-19, 13:03:48, mBuffer ,Code , 8 ,Info , Buffer:1 leeg (rDecr) 
2016-07-19, 13:03:53, mBuffer ,Code , 8 ,Info , Buffer:1 leeg (rDecr) 
2016-07-19, 13:04:00, mBuffer ,Code , 8 ,Info , Buffer:1 leeg (rDecr) 
2016-07-19, 13:05:02, mBuffer ,Code , 8 ,Info , Buffer:1 leeg (rDecr) 
2016-07-19, 13:11:50, Main ,Code , 18 ,Info , PP to main 
2016-07-19, 13:25:59, Main ,Code , 18 ,Info , PP to main 
2016-07-19, 13:41:37, Main ,Code , 18 ,Info , PP to main 
2016-07-19, 13:44:44, Offset ,Code , 31 ,Info , off:1 x=-1.82 n=-0.93 p=-2.71 P1=-766.71 P2=791.14 
2016-07-19, 13:44:44, Cycletime ,Code , 99 ,Info , Laad Station:1 van Buffer:4 |Time:174.29 
2016-07-19, 13:45:51, Offset ,Code , 31 ,Info , off:2 x=-1.36 n=-0.78 p=-1.94 P1=-766.87 P2=790.38 
2016-07-19, 13:45:52, Cycletime ,Code , 99 ,Info , Laad Station:2 van Buffer:4 |Time:67.22 
2016-07-19, 13:46:55, Offset ,Code , 31 ,Info , off:3 x=-1.42 n=-0.63 p=-2.21 P1=-767.01 P2=790.65 
2016-07-19, 13:46:56, Cycletime ,Code , 99 ,Info , Laad Station:3 van Buffer:4 |Time:64.07 
2016-07-19, 13:47:54, Offset ,Code , 31 ,Info , off:4 x=-1.49 n=-0.36 p=-2.63 P1=-767.28 P2=791.07 
2016-07-19, 13:47:55, Cycletime ,Code , 99 ,Info , Laad Station:4 van Buffer:4 |Time:59.37 
2016-07-19, 13:56:40, Cycletime ,Code , 99 ,Info , Sation:1 Boren Type:4 |Time:524.99 
2016-07-19, 14:00:37, Cycletime ,Code , 99 ,Info , Sation:2 Boren Type:4 |Time:237.05 
2016-07-19, 14:03:46, Cycletime ,Code , 99 ,Info , Sation:3 Boren Type:4 |Time:188.83 
2016-07-19, 14:06:55, Cycletime ,Code , 99 ,Info , Sation:4 Boren Type:4 |Time:188.83 
2016-07-19, 14:12:28, Cycletime ,Code , 99 ,Info , Sation:1 Frezen Type:4 |Time:332.69 
2016-07-19, 14:23:46, Cycletime ,Code , 99 ,Info , Sation:2 Frezen Type:4 |Time:678.03 
2016-07-19, 14:38:50, Cycletime ,Code , 99 ,Info , Sation:3 Frezen Type:4 |Time:903.94 
2016-07-19, 14:45:59, Cycletime ,Code , 99 ,Info , Sation:4 Frezen Type:4 |Time:429.20 
2016-07-19, 14:47:39, Cycletime ,Code , 99 ,Info , Ontlaad Station:4 naar buffer:4 |Time:25.80 
2016-07-19, 14:48:08, Cycletime ,Code , 99 ,Info , Ontlaad Station:3 naar buffer:4 |Time:29.86 
2016-07-19, 14:48:43, Cycletime ,Code , 99 ,Info , Ontlaad Station:2 naar buffer:4 |Time:34.64 
2016-07-19, 14:49:22, mBuffer ,Code , 5 ,Info , Buffer:4 Vol (target) 
2016-07-19, 14:49:22, Cycletime ,Code , 99 ,Info , Ontlaad Station:1 naar buffer:4 |Time:38.55 
2016-07-19, 14:50:24, Offset ,Code , 31 ,Info , off:1 x=-1.82 n=-0.92 p=-2.71 P1=-766.72 P2=791.15 
2016-07-19, 14:50:25, Cycletime ,Code , 99 ,Info , Laad Station:1 van Buffer:4 |Time:61.99 
2016-07-19, 14:51:32, Offset ,Code , 31 ,Info , off:2 x=-1.40 n=-0.60 p=-2.21 P1=-767.04 P2=790.64 
2016-07-19, 14:51:32, Cycletime ,Code , 99 ,Info , Laad Station:2 van Buffer:4 |Time:67.59 
2016-07-19, 14:55:34, Cycletime ,Code , 99 ,Info , Sation:1 Boren Type:5 |Time:241.95 
2016-07-19, 15:00:36, mBuffer ,Code , 10 ,Info , Buffer:4 vol (rIncr) 
2016-07-19, 15:01:06, mBuffer ,Code , 5 ,Info , Buffer:4 Vol (target) 
2016-07-19, 15:01:06, Cycletime ,Code , 99 ,Info , Ontlaad Station:1 naar buffer:4 |Time:262.10 
2016-07-19, 15:02:09, Offset ,Code , 31 ,Info , off:1 x=0.18 n=1.07 p=-0.71 P1=-768.72 P2=789.14 
2016-07-19, 15:02:09, Cycletime ,Code , 99 ,Info , Laad Station:1 van Buffer:4 |Time:62.21 
2016-07-19, 15:04:13, Offset ,Code , 31 ,Info , meeting NOK max retry station:1 OUT OF USE 
2016-07-19, 15:04:20, Cycletime ,Code , 99 ,Info , Laad Station:1 van Buffer:4 |Time:63.45 
2016-07-19, 15:05:51, Offset ,Code , 31 ,Info , meeting NOK max retry station:1 OUT OF USE 
2016-07-19, 15:05:57, Cycletime ,Code , 99 ,Info , Laad Station:1 van Buffer:4 |Time:74.79 
2016-07-19, 15:08:47, Offset ,Code , 31 ,Info , off:1 x=-4.03 n=-2.87 p=-5.19 P1=-764.77 P2=793.62 
2016-07-19, 15:08:47, Cycletime ,Code , 99 ,Info , Laad Station:1 van Buffer:4 |Time:67.93 
2016-07-20, 11:24:35, Main ,Code , 18 ,Info , PP to main 
2016-07-20, 12:13:48, Main ,Code , 18 ,Info , PP to main 
2016-07-20, 12:37:36, Main ,Code , 18 ,Info , PP to main 
2016-07-20, 12:38:50, Main ,Code , 18 ,Info , PP to main 
2016-07-20, 14:26:45, Main ,Code , 18 ,Info , PP to main 
2016-07-20, 14:27:05, mSations ,Code , 1 ,Info , Onafgewerkt stuk in station:1 
2016-07-20, 14:27:29, mBuffer ,Code , 40 ,Info , Safety reset on Left side! 
2016-07-20, 14:29:44, mBuffer ,Code , 41 ,Info , Safety reset on Right side! 
2016-07-20, 14:29:56, mBuffer ,Code , 40 ,Info , Safety reset on Left side! 
2016-07-20, 14:29:56, mBuffer ,Code , 41 ,Info , Safety reset on Right side! 
2016-07-20, 15:49:32, Main ,Code , 18 ,Info , PP to main 
2016-07-20, 15:54:01, mBuffer ,Code , 30 ,Info , Actieve uitvoerbuffer:2 niet gevonden 
2016-07-20, 15:56:06, mBuffer ,Code , 40 ,Info , Safety reset on Left side! 
2016-07-20, 15:56:06, mBuffer ,Code , 41 ,Info , Safety reset on Right side! 
2016-07-20, 15:58:42, Offset ,Code , 31 ,Info , off:1 x=-0.54 n=1.35 p=-2.44 P1=-769.00 P2=790.88 
2016-07-20, 15:58:43, Cycletime ,Code , 99 ,Info , Laad Station:1 van Buffer:4 |Time:276.37 
2016-07-20, 15:59:56, Offset ,Code , 31 ,Info , off:2 x=-2.30 n=-0.64 p=-3.96 P1=-767.00 P2=792.39 
2016-07-20, 15:59:57, Cycletime ,Code , 99 ,Info , Laad Station:2 van Buffer:4 |Time:74.10 
2016-07-20, 16:07:56, Cycletime ,Code , 99 ,Info , Sation:1 Boren Type:5 |Time:383.76 
2016-07-20, 16:10:50, Cycletime ,Code , 99 ,Info , Sation:2 Boren Type:5 |Time:174.31 
2016-07-20, 16:12:38, Cycletime ,Code , 99 ,Info , Ontlaad Station:2 naar buffer:1 |Time:29.68 
2016-07-20, 16:13:05, mBuffer ,Code , 5 ,Info , Buffer:1 Vol (target) 
2016-07-20, 16:13:05, Cycletime ,Code , 99 ,Info , Ontlaad Station:1 naar buffer:1 |Time:26.82 
2016-07-20, 16:16:57, Offset ,Code , 31 ,Info , off:1 x=-1.68 n=-0.59 p=-2.77 P1=-767.05 P2=791.21 
2016-07-20, 16:16:58, Cycletime ,Code , 99 ,Info , Laad Station:1 van Buffer:4 |Time:67.97 
2016-07-20, 16:18:04, Offset ,Code , 31 ,Info , off:2 x=-2.20 n=-0.66 p=-3.73 P1=-766.98 P2=792.17 
2016-07-20, 16:18:05, Cycletime ,Code , 99 ,Info , Laad Station:2 van Buffer:4 |Time:66.54 
2016-07-20, 16:21:48, Cycletime ,Code , 99 ,Info , Sation:1 Boren Type:5 |Time:223.87 
2016-07-24, 16:49:58, Main ,Code , 18 ,Info , PP to main 
2016-07-24, 07:56:43, Main ,Code , 18 ,Info , PP to main 
2016-07-24, 10:03:14, Main ,Code , 18 ,Info , PP to main 
2016-07-24, 10:12:35, mBuffer ,Code , 30 ,Info , Actieve uitvoerbuffer:5 niet gevonden 
2016-07-24, 10:13:32, mBuffer ,Code , 8 ,Info , Buffer:5 leeg (rDecr) 
2016-07-24, 10:14:05, Main ,Code , 18 ,Info , PP to main 
2016-07-24, 10:18:43, Main ,Code , 18 ,Info , PP to main 
2016-07-24, 10:20:34, mBuffer ,Code , 30 ,Info , Actieve uitvoerbuffer:6 niet gevonden 
2016-07-24, 10:25:12, Main ,Code , 18 ,Info , PP to main 
2016-07-24, 10:26:08, mBuffer ,Code , 30 ,Info , Actieve uitvoerbuffer:6 niet gevonden 
2016-07-24, 10:28:12, Main ,Code , 18 ,Info , PP to main 
2016-07-24, 10:30:56, mBuffer ,Code , 30 ,Info , Actieve uitvoerbuffer:2 niet gevonden 
2016-07-24, 10:33:41, Main ,Code , 18 ,Info , PP to main 
2016-07-24, 10:34:37, mBuffer ,Code , 30 ,Info , Actieve uitvoerbuffer:2 niet gevonden 
2016-07-24, 10:38:31, mBuffer ,Code , 30 ,Info , Actieve uitvoerbuffer:6 niet gevonden 
2016-07-24, 10:45:37, Main ,Code , 18 ,Info , PP to main 
2016-07-24, 10:46:37, mBuffer ,Code , 30 ,Info , Actieve uitvoerbuffer:6 niet gevonden 
2016-07-24, 10:47:14, Main ,Code , 18 ,Info , PP to main 
2016-07-24, 10:50:40, Main ,Code , 18 ,Info , PP to main 
2016-07-24, 10:52:01, mBuffer ,Code , 30 ,Info , Actieve uitvoerbuffer:2 niet gevonden 
2016-07-24, 10:53:46, mBuffer ,Code , 30 ,Info , Actieve uitvoerbuffer:5 niet gevonden 
2016-07-24, 10:54:24, mBuffer ,Code , 30 ,Info , Actieve uitvoerbuffer:6 niet gevonden 
2016-07-24, 10:54:42, mBuffer ,Code , 40 ,Info , Safety reset on Left side! 
2016-07-24, 10:55:00, mBuffer ,Code , 30 ,Info , Actieve uitvoerbuffer:5 niet gevonden 
2016-07-24, 10:55:30, mBuffer ,Code , 30 ,Info , Actieve uitvoerbuffer:6 niet gevonden 
2016-07-24, 10:55:38, mBuffer ,Code , 41 ,Info , Safety reset on Right side! 
2016-07-24, 10:56:13, mBuffer ,Code , 30 ,Info , Actieve uitvoerbuffer:2 niet gevonden 
2016-07-24, 10:59:45, Main ,Code , 18 ,Info , PP to main 
2016-07-24, 11:00:52, mBuffer ,Code , 30 ,Info , Actieve uitvoerbuffer:5 niet gevonden 
2016-07-24, 11:01:18, mBuffer ,Code , 30 ,Info , Actieve uitvoerbuffer:6 niet gevonden 
2016-07-24, 11:02:05, mBuffer ,Code , 30 ,Info , Actieve uitvoerbuffer:2 niet gevonden 
2016-07-24, 11:02:20, mBuffer ,Code , 41 ,Info , Safety reset on Right side! 
2016-07-24, 11:02:50, mBuffer ,Code , 30 ,Info , Actieve uitvoerbuffer:5 niet gevonden 
2016-07-24, 11:03:07, mBuffer ,Code , 41 ,Info , Safety reset on Right side! 
2016-07-24, 11:03:16, mBuffer ,Code , 30 ,Info , Actieve uitvoerbuffer:6 niet gevonden 
2016-07-24, 11:03:48, mBuffer ,Code , 30 ,Info , Actieve uitvoerbuffer:5 niet gevonden 
2016-07-24, 11:03:51, mBuffer ,Code , 41 ,Info , Safety reset on Right side! 
2016-07-24, 11:04:15, mBuffer ,Code , 40 ,Info , Safety reset on Left side! 
2016-07-24, 11:04:15, mBuffer ,Code , 41 ,Info , Safety reset on Right side! 
2016-07-24, 11:05:52, mBuffer ,Code , 30 ,Info , Actieve uitvoerbuffer:5 niet gevonden 
2016-07-24, 11:06:19, mBuffer ,Code , 30 ,Info , Actieve uitvoerbuffer:6 niet gevonden 
2016-07-24, 11:06:59, mBuffer ,Code , 30 ,Info , Actieve uitvoerbuffer:2 niet gevonden 
2016-07-24, 11:11:14, Main ,Code , 18 ,Info , PP to main 
2016-07-24, 11:23:34, Main ,Code , 18 ,Info , PP to main 
2016-07-24, 11:25:06, mBuffer ,Code , 8 ,Info , Buffer:4 leeg (rDecr) 
2016-07-24, 11:25:44, mBuffer ,Code , 8 ,Info , Buffer:4 leeg (rDecr) 
2016-07-24, 11:26:23, mBuffer ,Code , 8 ,Info , Buffer:4 leeg (rDecr) 
2016-07-24, 11:26:29, mBuffer ,Code , 8 ,Info , Buffer:4 leeg (rDecr) 
2016-07-24, 11:26:34, mBuffer ,Code , 8 ,Info , Buffer:4 leeg (rDecr) 
2016-07-24, 11:26:40, mBuffer ,Code , 8 ,Info , Buffer:4 leeg (rDecr) 
2016-07-24, 11:26:45, mBuffer ,Code , 8 ,Info , Buffer:4 leeg (rDecr) 
2016-07-24, 11:26:51, mBuffer ,Code , 8 ,Info , Buffer:4 leeg (rDecr) 
2016-07-24, 11:27:55, mBuffer ,Code , 30 ,Info , Actieve uitvoerbuffer:5 niet gevonden 
2016-07-24, 11:28:10, mBuffer ,Code , 40 ,Info , Safety reset on Left side! 
2016-07-24, 11:28:10, mBuffer ,Code , 41 ,Info , Safety reset on Right side! 
2016-07-24, 11:29:22, mBuffer ,Code , 8 ,Info , Buffer:4 leeg (rDecr) 
2016-07-24, 11:29:29, mBuffer ,Code , 8 ,Info , Buffer:4 leeg (rDecr) 
2016-07-24, 11:29:35, mBuffer ,Code , 8 ,Info , Buffer:4 leeg (rDecr) 
2016-07-24, 11:29:40, mBuffer ,Code , 8 ,Info , Buffer:4 leeg (rDecr) 
2016-07-24, 11:29:46, mBuffer ,Code , 8 ,Info , Buffer:4 leeg (rDecr) 
2016-07-24, 11:29:55, mBuffer ,Code , 8 ,Info , Buffer:4 leeg (rDecr) 
2016-07-24, 11:30:04, mBuffer ,Code , 8 ,Info , Buffer:4 leeg (rDecr) 
2016-07-24, 11:30:13, mBuffer ,Code , 8 ,Info , Buffer:4 leeg (rDecr) 
2016-07-24, 11:30:46, mBuffer ,Code , 30 ,Info , Actieve uitvoerbuffer:5 niet gevonden 
2016-07-24, 11:37:35, Main ,Code , 18 ,Info , PP to main 
2016-07-24, 11:38:20, mBuffer ,Code , 30 ,Info , Actieve uitvoerbuffer:2 niet gevonden 
2016-07-24, 11:40:35, mBuffer ,Code , 30 ,Info , Actieve uitvoerbuffer:5 niet gevonden 
2016-07-24, 11:40:52, mBuffer ,Code , 40 ,Info , Safety reset on Left side! 
2016-07-24, 11:41:01, mBuffer ,Code , 40 ,Info , Safety reset on Left side! 
2016-07-24, 11:41:01, mBuffer ,Code , 41 ,Info , Safety reset on Right side! 
2016-07-24, 11:41:35, mBuffer ,Code , 30 ,Info , Actieve uitvoerbuffer:2 niet gevonden 
2016-07-24, 11:44:40, mBuffer ,Code , 30 ,Info , Actieve uitvoerbuffer:5 niet gevonden 
2016-07-24, 11:44:53, mBuffer ,Code , 41 ,Info , Safety reset on Right side! 
2016-07-24, 11:47:24, Main ,Code , 18 ,Info , PP to main 
2016-07-24, 11:51:47, Main ,Code , 18 ,Info , PP to main 
2016-07-24, 11:52:24, Main ,Code , 18 ,Info , PP to main 
2016-07-24, 11:55:47, Offset ,Code , 31 ,Info , off:1 x=-0.57 n=-2.50 p=1.36 P1=-765.15 P2=787.08 
2016-07-24, 11:55:47, Cycletime ,Code , 99 ,Info , Laad Station:1 van Buffer:4 |Time:170.47 
2016-07-24, 11:57:11, mBuffer ,Code , 8 ,Info , Buffer:4 leeg (rDecr) 
2016-07-24, 11:57:41, mBuffer ,Code , 30 ,Info , Actieve uitvoerbuffer:2 niet gevonden 
2016-07-24, 11:58:12, mBuffer ,Code , 30 ,Info , Actieve uitvoerbuffer:5 niet gevonden 
2016-07-24, 11:58:31, mBuffer ,Code , 40 ,Info , Safety reset on Left side! 
2016-07-24, 11:58:41, mBuffer ,Code , 40 ,Info , Safety reset on Left side! 
2016-07-24, 11:58:41, mBuffer ,Code , 41 ,Info , Safety reset on Right side! 
2016-07-24, 11:59:47, mBuffer ,Code , 30 ,Info , Actieve uitvoerbuffer:2 niet gevonden 
2016-07-24, 12:06:22, Offset ,Code , 31 ,Info , off:2 x=-0.43 n=-2.66 p=1.79 P1=-764.98 P2=786.64 
2016-07-24, 12:06:23, Cycletime ,Code , 99 ,Info , Laad Station:2 van Buffer:0 |Time:417.99 
2016-07-24, 12:22:22, Main ,Code , 18 ,Info , PP to main 
2016-07-24, 12:29:14, Main ,Code , 18 ,Info , PP to main 
2016-07-24, 12:31:33, Main ,Code , 18 ,Info , PP to main 
2016-07-24, 12:47:28, Main ,Code , 18 ,Info , PP to main 
2016-07-24, 12:51:04, Main ,Code , 18 ,Info , PP to main 
2016-07-24, 13:00:19, Main ,Code , 18 ,Info , PP to main 
2016-07-24, 13:05:32, Main ,Code , 18 ,Info , PP to main 
2016-07-24, 13:06:55, mBuffer ,Code , 30 ,Info , Actieve uitvoerbuffer:3 niet gevonden 
2016-07-24, 13:07:54, mBuffer ,Code , 8 ,Info , Buffer:3 leeg (rDecr) 
2016-07-24, 13:08:33, mBuffer ,Code , 8 ,Info , Buffer:3 leeg (rDecr) 
2016-07-24, 13:08:39, mBuffer ,Code , 8 ,Info , Buffer:3 leeg (rDecr) 
2016-07-24, 13:08:44, mBuffer ,Code , 8 ,Info , Buffer:3 leeg (rDecr) 
2016-07-24, 13:08:50, mBuffer ,Code , 8 ,Info , Buffer:3 leeg (rDecr) 
2016-07-24, 13:08:55, mBuffer ,Code , 8 ,Info , Buffer:3 leeg (rDecr) 
2016-07-24, 13:09:01, mBuffer ,Code , 8 ,Info , Buffer:3 leeg (rDecr) 
2016-07-24, 13:09:07, mBuffer ,Code , 8 ,Info , Buffer:3 leeg (rDecr) 
2016-07-24, 13:09:17, mBuffer ,Code , 40 ,Info , Safety reset on Left side! 
2016-07-24, 13:10:15, mBuffer ,Code , 8 ,Info , Buffer:4 leeg (rDecr) 
2016-07-24, 13:16:50, Main ,Code , 18 ,Info , PP to main 
2016-07-24, 13:18:45, mBuffer ,Code , 40 ,Info , Safety reset on Left side! 
2016-07-24, 13:19:24, mBuffer ,Code , 30 ,Info , Actieve uitvoerbuffer:3 niet gevonden 
2016-07-24, 13:20:53, Main ,Code , 18 ,Info , PP to main 
2016-07-24, 13:21:46, mBuffer ,Code , 40 ,Info , Safety reset on Left side! 
2016-07-24, 13:21:58, mBuffer ,Code , 30 ,Info , Actieve uitvoerbuffer:3 niet gevonden 
2016-07-24, 13:23:05, mBuffer ,Code , 41 ,Info , Safety reset on Right side! 
2016-07-24, 13:26:31, mBuffer ,Code , 40 ,Info , Safety reset on Left side! 
2016-07-24, 13:26:34, Offset ,Code , 31 ,Info , off:1 x=3.16 n=1.50 p=4.83 P1=-769.14 P2=783.61 
2016-07-24, 13:26:34, Cycletime ,Code , 99 ,Info , Laad Station:1 van Buffer:0 |Time:170.65 
2016-07-24, 13:28:44, mBuffer ,Code , 40 ,Info , Safety reset on Left side! 
2016-07-24, 13:32:19, Cycletime ,Code , 99 ,Info , Sation:1 Boren Type:5 |Time:249.51 
2016-07-24, 13:33:30, mBuffer ,Code , 40 ,Info , Safety reset on Left side! 
2016-07-24, 13:38:05, Cycletime ,Code , 99 ,Info , Ontlaad Station:1 naar buffer:1 |Time:74.18 
2016-07-24, 13:44:32, Offset ,Code , 31 ,Info , off:1 x=0.00 n=0.00 p=0.00 P1=-769.32 P2=781.77 
2016-07-24, 13:45:12, Offset ,Code , 31 ,Info , off:1 x=0.12 n=1.33 p=-1.09 P1=-770.64 P2=782.86 
2016-07-24, 13:45:30, Main ,Code , 18 ,Info , PP to main 
2016-07-24, 13:48:52, Main ,Code , 18 ,Info , PP to main 
2016-07-24, 13:50:35, Main ,Code , 18 ,Info , PP to main 
2016-07-24, 13:51:30, mBuffer ,Code , 40 ,Info , Safety reset on Left side! 
2016-07-24, 13:51:51, Offset ,Code , 31 ,Info , off:1 x=1.11 n=1.14 p=1.07 P1=-770.46 P2=780.71 
2016-07-24, 13:51:51, Cycletime ,Code , 99 ,Info , Laad Station:1 van Buffer:1 |Time:76.56 
2016-07-24, 13:53:49, mBuffer ,Code , 40 ,Info , Safety reset on Left side! 
2016-07-24, 13:57:39, mBuffer ,Code , 41 ,Info , Safety reset on Right side! 
2016-07-24, 13:58:18, Cycletime ,Code , 99 ,Info , Sation:1 Boren Type:5 |Time:285.54 
2016-07-24, 14:00:05, Cycletime ,Code , 99 ,Info , Ontlaad Station:1 naar buffer:1 |Time:27.07 
2016-07-24, 14:01:28, Offset ,Code , 31 ,Info , off:1 x=1.01 n=1.54 p=0.48 P1=-770.86 P2=781.30 
2016-07-24, 14:01:28, Cycletime ,Code , 99 ,Info , Laad Station:1 van Buffer:1 |Time:81.94 
2016-07-24, 14:02:49, Offset ,Code , 31 ,Info , off:2 x=4.04 n=3.26 p=4.82 P1=-772.57 P2=776.95 
2016-07-24, 14:02:50, Cycletime ,Code , 99 ,Info , Laad Station:2 van Buffer:1 |Time:81.74 
2016-07-24, 14:03:53, Offset ,Code , 31 ,Info , off:3 x=0.68 n=1.35 p=0.00 P1=-770.66 P2=781.77 
2016-07-24, 14:03:53, Cycletime ,Code , 99 ,Info , Laad Station:3 van Buffer:1 |Time:63.38 
2016-07-24, 14:07:29, Cycletime ,Code , 99 ,Info , Sation:1 Boren Type:5 |Time:215.77 
2016-07-24, 14:10:23, Cycletime ,Code , 99 ,Info , Sation:2 Boren Type:5 |Time:173.93 
2016-07-24, 14:13:17, Cycletime ,Code , 99 ,Info , Sation:3 Boren Type:5 |Time:173.97 
2016-07-24, 14:14:31, Cycletime ,Code , 99 ,Info , Ontlaad Station:3 naar buffer:1 |Time:74.39 
2016-07-24, 14:15:14, Cycletime ,Code , 99 ,Info , Ontlaad Station:2 naar buffer:1 |Time:42.56 
2016-07-24, 14:17:03, mBuffer ,Code , 5 ,Info , Buffer:1 Vol (target) 
2016-07-24, 14:17:03, Cycletime ,Code , 99 ,Info , Ontlaad Station:1 naar buffer:1 |Time:108.68 
2016-07-24, 14:37:02, Main ,Code , 18 ,Info , PP to main 
2016-07-24, 15:07:52, Main ,Code , 18 ,Info , PP to main 
2016-07-24, 15:08:27, Main ,Code , 18 ,Info , PP to main 
2016-07-24, 15:14:40, Main ,Code , 18 ,Info , PP to main 
2016-07-24, 15:16:01, Main ,Code , 18 ,Info , PP to main 
2016-07-24, 15:18:33, Main ,Code , 18 ,Info , PP to main 
2016-07-24, 15:23:45, Offset ,Code , 31 ,Info , off:1 x=5.03 n=5.05 p=5.01 P1=-774.36 P2=776.76 
2016-07-24, 15:23:46, Cycletime ,Code , 99 ,Info , Laad Station:1 van Buffer:1 |Time:95.60 
2016-07-24, 15:24:48, Offset ,Code , 31 ,Info , off:2 x=4.01 n=3.28 p=4.74 P1=-772.60 P2=777.03 
2016-07-24, 15:24:49, Cycletime ,Code , 99 ,Info , Laad Station:2 van Buffer:1 |Time:62.94 
2016-07-24, 15:25:52, Offset ,Code , 31 ,Info , off:3 x=-0.43 n=-0.71 p=-0.14 P1=-768.61 P2=781.92 
2016-07-24, 15:25:53, Cycletime ,Code , 99 ,Info , Laad Station:3 van Buffer:1 |Time:64.23 
2016-07-24, 15:27:02, Offset ,Code , 31 ,Info , off:4 x=-0.67 n=-0.86 p=-0.48 P1=-768.45 P2=782.26 
2016-07-24, 15:27:03, Cycletime ,Code , 99 ,Info , Laad Station:4 van Buffer:1 |Time:69.67 
2016-07-24, 15:35:02, Cycletime ,Code , 99 ,Info , Sation:1 Boren Type:5 |Time:421.58 
2016-07-24, 15:37:56, Cycletime ,Code , 99 ,Info , Sation:2 Boren Type:5 |Time:173.96 
2016-07-24, 15:45:34, Cycletime ,Code , 99 ,Info , Sation:3 Boren Type:5 |Time:458.22 
2016-07-24, 15:49:46, Cycletime ,Code , 99 ,Info , Sation:4 Boren Type:5 |Time:251.29 
2016-07-24, 15:51:50, Cycletime ,Code , 99 ,Info , Ontlaad Station:4 naar buffer:1 |Time:39.58 
2016-07-24, 15:52:24, Cycletime ,Code , 99 ,Info , Ontlaad Station:3 naar buffer:1 |Time:34.17 
2016-07-24, 15:52:52, Cycletime ,Code , 99 ,Info , Ontlaad Station:2 naar buffer:1 |Time:28.42 
2016-07-24, 15:53:19, Cycletime ,Code , 99 ,Info , Ontlaad Station:1 naar buffer:1 |Time:26.53 
2016-07-24, 15:57:49, Offset ,Code , 31 ,Info , off:1 x=0.08 n=1.14 p=-0.98 P1=-770.46 P2=782.75 
2016-07-24, 15:57:49, Cycletime ,Code , 99 ,Info , Laad Station:1 van Buffer:1 |Time:270.50 
2016-07-24, 15:58:50, Offset ,Code , 31 ,Info , off:2 x=-0.85 n=-0.72 p=-0.98 P1=-768.60 P2=782.75 
2016-07-24, 15:58:51, Cycletime ,Code , 99 ,Info , Laad Station:2 van Buffer:1 |Time:61.29 
2016-07-24, 15:59:54, Offset ,Code , 31 ,Info , off:3 x=2.80 n=3.50 p=2.11 P1=-772.82 P2=779.67 
2016-07-24, 15:59:54, Cycletime ,Code , 99 ,Info , Laad Station:3 van Buffer:1 |Time:63.71 
2016-07-24, 16:01:04, Offset ,Code , 31 ,Info , off:4 x=1.12 n=1.21 p=1.02 P1=-770.53 P2=780.75 
2016-07-24, 16:01:05, Cycletime ,Code , 99 ,Info , Laad Station:4 van Buffer:1 |Time:70.30 
2016-07-25, 07:58:56, Cycletime ,Code , 99 ,Info , Sation:6 Boren Type:7 |Time:57471.22 
2016-07-25, 08:28:58, Cycletime ,Code , 99 ,Info , Sation:6 Frezen Type:7 |Time:1802.34 
2016-07-25, 08:49:33, Cycletime ,Code , 99 ,Info , Sation:1 Boren Type:5 |Time:1234.45 
2016-07-25, 09:35:42, Cycletime ,Code , 99 ,Info , Sation:2 Boren Type:5 |Time:2769.60 
2016-07-25, 09:38:36, Cycletime ,Code , 99 ,Info , Sation:3 Boren Type:5 |Time:173.93 
2016-07-25, 09:42:46, Cycletime ,Code , 99 ,Info , Sation:4 Boren Type:5 |Time:249.48 
2016-07-25, 09:43:45, Cycletime ,Code , 99 ,Info , Ontlaad Station:4 naar buffer:1 |Time:59.42 
2016-07-25, 09:44:19, Cycletime ,Code , 99 ,Info , Ontlaad Station:3 naar buffer:1 |Time:33.93 
2016-07-25, 09:44:47, Cycletime ,Code , 99 ,Info , Ontlaad Station:2 naar buffer:1 |Time:28.16 
2016-07-25, 09:45:14, Cycletime ,Code , 99 ,Info , Ontlaad Station:1 naar buffer:1 |Time:26.50 
2016-07-25, 09:46:13, Offset ,Code , 31 ,Info , off:1 x=1.31 n=1.60 p=1.02 P1=-770.92 P2=780.75 
2016-07-25, 09:46:14, Cycletime ,Code , 99 ,Info , Laad Station:1 van Buffer:1 |Time:59.74 
2016-07-25, 09:47:15, Offset ,Code , 31 ,Info , off:2 x=1.02 n=1.23 p=0.81 P1=-770.54 P2=780.96 
2016-07-25, 09:47:16, Cycletime ,Code , 99 ,Info , Laad Station:2 van Buffer:1 |Time:61.91 
2016-07-25, 09:48:19, Offset ,Code , 31 ,Info , off:3 x=-0.34 n=-0.65 p=-0.03 P1=-768.66 P2=781.80 
2016-07-25, 09:48:20, Cycletime ,Code , 99 ,Info , Laad Station:3 van Buffer:1 |Time:64.49 
2016-07-25, 09:49:29, Offset ,Code , 31 ,Info , off:4 x=-1.06 n=-0.79 p=-1.32 P1=-768.52 P2=783.10 
2016-07-25, 09:49:30, Cycletime ,Code , 99 ,Info , Laad Station:4 van Buffer:1 |Time:69.85 
2016-07-25, 10:27:42, Cycletime ,Code , 99 ,Info , Sation:6 Boren Type:8 |Time:2291.48 
2016-07-25, 10:55:38, Cycletime ,Code , 99 ,Info , Sation:6 Frezen Type:8 |Time:1676.01 
2016-07-25, 11:50:23, Cycletime ,Code , 99 ,Info , Sation:1 Boren Type:5 |Time:3285.24 
2016-07-25, 11:53:17, Cycletime ,Code , 99 ,Info , Sation:2 Boren Type:5 |Time:173.97 
2016-07-25, 11:56:11, Cycletime ,Code , 99 ,Info , Sation:3 Boren Type:5 |Time:173.97 
2016-07-25, 11:59:05, Cycletime ,Code , 99 ,Info , Sation:4 Boren Type:5 |Time:173.91 
2016-07-25, 12:32:31, Cycletime ,Code , 99 ,Info , Sation:6 Boren Type:7 |Time:2005.34 
2016-07-25, 13:09:41, Cycletime ,Code , 99 ,Info , Sation:6 Frezen Type:7 |Time:2229.94 
2016-07-25, 14:46:09, Cycletime ,Code , 99 ,Info , Sation:6 Boren Type:8 |Time:5601.41 
2016-07-25, 15:38:34, Cycletime ,Code , 99 ,Info , Sation:6 Frezen Type:8 |Time:3144.27 
2016-07-26, 05:44:44, Cycletime ,Code , 99 ,Info , Sation:6 Boren Type:7 |Time:50694.69 
2016-07-26, 06:12:19, Cycletime ,Code , 99 ,Info , Sation:6 Frezen Type:7 |Time:1654.97 
2016-07-26, 07:32:18, Cycletime ,Code , 99 ,Info , Sation:6 Boren Type:8 |Time:3969.06 
2016-07-26, 08:17:48, Cycletime ,Code , 99 ,Info , Sation:6 Frezen Type:8 |Time:2730.26 
2016-07-26, 09:48:41, Cycletime ,Code , 99 ,Info , Sation:6 Boren Type:7 |Time:4546.14 
2016-07-26, 10:37:59, Cycletime ,Code , 99 ,Info , Sation:6 Frezen Type:7 |Time:2957.43 
2016-08-01, 08:03:06, Main ,Code , 18 ,Info , PP to main 
2016-08-01, 08:12:24, Main ,Code , 18 ,Info , PP to main 
2016-08-01, 09:00:30, Cycletime ,Code , 99 ,Info , Sation:6 Boren Type:8 |Time:2850.70 
2016-08-01, 12:20:56, Main ,Code , 18 ,Info , PP to main 
2016-08-02, 07:21:37, Main ,Code , 18 ,Info , PP to main 
2016-08-02, 12:29:44, Main ,Code , 18 ,Info , PP to main 
2016-08-02, 12:53:09, Main ,Code , 18 ,Info , PP to main 
2016-08-02, 12:57:33, Main ,Code , 18 ,Info , PP to main 
2016-08-02, 14:32:43, Main ,Code , 18 ,Info , PP to main 
2016-08-02, 14:37:53, Main ,Code , 18 ,Info , PP to main 
2016-08-02, 14:48:18, Main ,Code , 18 ,Info , PP to main 
2016-08-02, 14:50:24, Main ,Code , 18 ,Info , PP to main 
2016-08-02, 15:03:59, Main ,Code , 18 ,Info , PP to main 
2016-08-02, 15:38:48, Main ,Code , 18 ,Info , PP to main 
2016-08-02, 15:39:39, Cycletime ,Code , 99 ,Info , Sation:6 Boren Type:7 |Time:39.91 
2016-08-02, 15:54:06, Main ,Code , 18 ,Info , PP to main 
2016-08-02, 15:56:34, Cycletime ,Code , 99 ,Info , Sation:6 Boren Type:7 |Time:123.84 
2016-08-02, 16:16:56, Cycletime ,Code , 99 ,Info , Sation:6 Frezen Type:7 |Time:1222.10 
2016-08-02, 16:44:45, Cycletime ,Code , 99 ,Info , Ontlaad Station:4 naar buffer:1 |Time:338.86 
2016-08-02, 16:45:19, Cycletime ,Code , 99 ,Info , Ontlaad Station:3 naar buffer:1 |Time:34.17 
2016-08-02, 16:45:48, Cycletime ,Code , 99 ,Info , Ontlaad Station:2 naar buffer:1 |Time:28.38 
2016-08-02, 16:46:14, Cycletime ,Code , 99 ,Info , Ontlaad Station:1 naar buffer:1 |Time:26.50 
2016-08-02, 16:47:34, Offset ,Code , 31 ,Info , off:1 x=-1.59 n=-0.91 p=-2.27 P1=-768.40 P2=784.04 
2016-08-02, 16:47:35, Cycletime ,Code , 99 ,Info , Laad Station:1 van Buffer:1 |Time:80.46 
2016-08-02, 16:52:14, Cycletime ,Code , 99 ,Info , Sation:1 Boren Type:4 |Time:255.63 
2016-08-02, 16:59:53, Cycletime ,Code , 99 ,Info , Sation:1 Frezen Type:4 |Time:458.99 
2016-08-02, 17:03:55, mBuffer ,Code , 5 ,Info , Buffer:2 Vol (target) 
2016-08-02, 17:03:55, Cycletime ,Code , 99 ,Info , Ontlaad Station:1 naar buffer:2 |Time:162.16 
2016-08-03, 08:51:52, Offset ,Code , 31 ,Info , off:1 x=-1.05 n=-0.85 p=-1.24 P1=-768.46 P2=783.01 
2016-08-03, 08:51:52, Cycletime ,Code , 99 ,Info , Laad Station:1 van Buffer:1 |Time:56875.89 
2016-08-03, 08:53:37, Offset ,Code , 31 ,Info , off:2 x=-0.14 n=-0.68 p=0.40 P1=-768.64 P2=781.37 
2016-08-03, 08:53:38, Cycletime ,Code , 99 ,Info , Laad Station:2 van Buffer:1 |Time:61.07 
2016-08-03, 08:54:42, Offset ,Code , 31 ,Info , off:3 x=1.79 n=1.30 p=2.27 P1=-770.61 P2=779.50 
2016-08-03, 08:54:43, Cycletime ,Code , 99 ,Info , Laad Station:3 van Buffer:1 |Time:65.02 
2016-08-03, 09:02:44, Cycletime ,Code , 99 ,Info , Sation:1 Boren Type:4 |Time:481.43 
2016-08-03, 09:07:02, Cycletime ,Code , 99 ,Info , Sation:2 Boren Type:4 |Time:257.77 
2016-08-03, 09:10:11, Cycletime ,Code , 99 ,Info , Sation:3 Boren Type:4 |Time:188.84 
2016-08-03, 09:24:24, Cycletime ,Code , 99 ,Info , Sation:1 Frezen Type:4 |Time:299.93 
2016-08-03, 09:24:24, mSations ,Code , 1 ,Info , Onafgewerkt stuk in station:3 
2016-08-03, 09:45:50, Cycletime ,Code , 99 ,Info , Sation:2 Frezen Type:4 |Time:597.40 
2016-08-03, 10:00:03, Cycletime ,Code , 99 ,Info , Sation:3 Frezen Type:4 |Time:477.88 
2016-08-03, 10:04:23, Main ,Code , 18 ,Info , PP to main 
2016-08-03, 10:34:10, Main ,Code , 18 ,Info , PP to main 
2016-08-03, 10:34:50, Main ,Code , 18 ,Info , PP to main 
2016-08-03, 10:39:05, Offset ,Code , 31 ,Info , off:3 x=1.58 n=1.36 p=1.80 P1=-770.67 P2=779.97 
2016-08-03, 10:39:05, Cycletime ,Code , 99 ,Info , Laad Station:3 van Buffer:1 |Time:137.87 
2016-08-03, 10:46:27, Main ,Code , 18 ,Info , PP to main 
2016-08-03, 10:50:27, Offset ,Code , 31 ,Info , off:1 x=-0.59 n=-0.85 p=-0.33 P1=-768.46 P2=782.11 
2016-08-03, 10:50:28, Cycletime ,Code , 99 ,Info , Laad Station:1 van Buffer:1 |Time:124.86 
2016-08-03, 10:54:22, Main ,Code , 18 ,Info , PP to main 
2016-08-03, 10:56:29, Offset ,Code , 31 ,Info , off:2 x=1.11 n=1.35 p=0.87 P1=-770.66 P2=780.90 
2016-08-03, 10:56:30, Cycletime ,Code , 99 ,Info , Laad Station:2 van Buffer:1 |Time:106.29 
2016-08-03, 10:57:34, Offset ,Code , 31 ,Info , off:3 x=-2.42 n=-2.71 p=-2.14 P1=-766.61 P2=783.91 
2016-08-03, 10:57:34, Cycletime ,Code , 99 ,Info , Laad Station:3 van Buffer:1 |Time:64.70 
2016-08-03, 10:58:43, Offset ,Code , 31 ,Info , off:4 x=-1.80 n=-0.85 p=-2.75 P1=-768.46 P2=784.52 
2016-08-03, 10:58:44, Cycletime ,Code , 99 ,Info , Laad Station:4 van Buffer:1 |Time:69.19 
2016-08-03, 11:02:33, Cycletime ,Code , 99 ,Info , Sation:1 Boren Type:4 |Time:229.33 
2016-08-03, 11:05:42, Cycletime ,Code , 99 ,Info , Sation:2 Boren Type:4 |Time:188.82 
2016-08-03, 11:08:51, Cycletime ,Code , 99 ,Info , Sation:3 Boren Type:4 |Time:188.85 
2016-08-03, 11:11:59, Cycletime ,Code , 99 ,Info , Sation:4 Boren Type:4 |Time:188.81 
2016-08-03, 11:19:24, Cycletime ,Code , 99 ,Info , Sation:1 Frezen Type:4 |Time:444.27 
2016-08-03, 11:25:43, Cycletime ,Code , 99 ,Info , Sation:2 Frezen Type:4 |Time:379.66 
2016-08-03, 11:32:03, Cycletime ,Code , 99 ,Info , Sation:3 Frezen Type:4 |Time:379.63 
2016-08-03, 11:38:23, Cycletime ,Code , 99 ,Info , Sation:4 Frezen Type:4 |Time:379.69 
2016-08-03, 11:51:39, Main ,Code , 18 ,Info , PP to main 
2016-08-03, 11:56:07, Offset ,Code , 31 ,Info , off:3 x=-1.28 n=-0.50 p=-2.07 P1=-768.82 P2=783.84 
2016-08-03, 11:56:08, Cycletime ,Code , 99 ,Info , Laad Station:3 van Buffer:1 |Time:112.94 
2016-08-03, 11:57:19, Offset ,Code , 31 ,Info , off:4 x=-1.99 n=-2.78 p=-1.19 P1=-766.53 P2=782.96 
2016-08-03, 11:57:20, Cycletime ,Code , 99 ,Info , Laad Station:4 van Buffer:1 |Time:71.44 
2016-08-03, 11:58:25, Offset ,Code , 31 ,Info , off:1 x=-0.15 n=-0.51 p=0.22 P1=-768.80 P2=781.55 
2016-08-03, 11:58:25, Cycletime ,Code , 99 ,Info , Laad Station:1 van Buffer:1 |Time:65.52 
2016-08-03, 11:59:26, Offset ,Code , 31 ,Info , off:2 x=-0.83 n=-0.61 p=-1.05 P1=-768.71 P2=782.83 
2016-08-03, 11:59:27, Cycletime ,Code , 99 ,Info , Laad Station:2 van Buffer:1 |Time:61.94 
2016-08-03, 12:07:25, Cycletime ,Code , 99 ,Info , Sation:1 Boren Type:4 |Time:478.10 
2016-08-03, 12:23:12, Cycletime ,Code , 99 ,Info , Sation:1 Frezen Type:4 |Time:377.89 
2016-08-03, 12:31:23, Main ,Code , 18 ,Info , PP to main 
2016-08-03, 12:37:05, Cycletime ,Code , 99 ,Info , Sation:2 Boren Type:4 |Time:240.78 
2016-08-03, 12:40:13, Cycletime ,Code , 99 ,Info , Sation:3 Boren Type:4 |Time:188.83 
2016-08-03, 12:43:22, Cycletime ,Code , 99 ,Info , Sation:4 Boren Type:4 |Time:188.78 
2016-08-03, 12:53:09, Cycletime ,Code , 99 ,Info , Sation:2 Frezen Type:4 |Time:586.18 
2016-08-03, 12:58:01, Cycletime ,Code , 99 ,Info , Sation:3 Frezen Type:4 |Time:291.95 
2016-08-03, 13:02:33, Cycletime ,Code , 99 ,Info , Sation:4 Frezen Type:4 |Time:272.02 
2016-08-03, 13:04:36, Offset ,Code , 31 ,Info , off:1 x=0.50 n=1.19 p=-0.19 P1=-770.50 P2=781.96 
2016-08-03, 13:04:36, Cycletime ,Code , 99 ,Info , Laad Station:1 van Buffer:1 |Time:123.61 
2016-08-03, 13:05:45, Main ,Code , 18 ,Info , PP to main 
2016-08-03, 13:38:25, Cycletime ,Code , 99 ,Info , Ontlaad Station:4 naar buffer:4 |Time:25.51 
2016-08-03, 13:38:55, Cycletime ,Code , 99 ,Info , Ontlaad Station:3 naar buffer:4 |Time:30.14 
2016-08-03, 13:39:30, Cycletime ,Code , 99 ,Info , Ontlaad Station:2 naar buffer:4 |Time:34.94 
2016-08-03, 13:41:01, Offset ,Code , 31 ,Info , off:2 x=0.90 n=1.11 p=0.69 P1=-770.43 P2=781.09 
2016-08-03, 13:41:02, Cycletime ,Code , 99 ,Info , Laad Station:2 van Buffer:1 |Time:92.20 
2016-08-03, 13:42:00, Offset ,Code , 31 ,Info , off:3 x=-2.86 n=-3.75 p=-1.97 P1=-765.57 P2=783.75 
2016-08-03, 13:42:01, Cycletime ,Code , 99 ,Info , Laad Station:3 van Buffer:1 |Time:58.94 
2016-08-03, 13:43:05, Offset ,Code , 31 ,Info , off:4 x=-2.03 n=-2.08 p=-1.97 P1=-767.23 P2=783.74 
2016-08-03, 13:43:05, Cycletime ,Code , 99 ,Info , Laad Station:4 van Buffer:1 |Time:64.45 
2016-08-03, 13:47:15, Cycletime ,Code , 99 ,Info , Sation:1 Boren Type:4 |Time:249.35 
2016-08-03, 13:50:24, Cycletime ,Code , 99 ,Info , Sation:2 Boren Type:4 |Time:188.83 
2016-08-03, 13:53:33, Cycletime ,Code , 99 ,Info , Sation:3 Boren Type:4 |Time:188.84 
2016-08-03, 13:56:41, Cycletime ,Code , 99 ,Info , Sation:4 Boren Type:4 |Time:188.82 
2016-08-03, 14:01:28, Cycletime ,Code , 99 ,Info , Sation:1 Frezen Type:4 |Time:286.75 
2016-08-03, 14:05:29, Cycletime ,Code , 99 ,Info , Sation:2 Frezen Type:4 |Time:241.23 
2016-08-03, 14:09:30, Cycletime ,Code , 99 ,Info , Sation:3 Frezen Type:4 |Time:240.96 
2016-08-03, 14:13:31, Cycletime ,Code , 99 ,Info , Sation:4 Frezen Type:4 |Time:240.99 
2016-08-03, 14:14:25, Cycletime ,Code , 99 ,Info , Ontlaad Station:4 naar buffer:4 |Time:54.01 
2016-08-03, 14:14:56, Cycletime ,Code , 99 ,Info , Ontlaad Station:3 naar buffer:4 |Time:30.14 
2016-08-03, 14:15:31, Cycletime ,Code , 99 ,Info , Ontlaad Station:2 naar buffer:4 |Time:35.07 
2016-08-03, 14:16:10, Cycletime ,Code , 99 ,Info , Ontlaad Station:1 naar buffer:4 |Time:38.86 
2016-08-03, 14:17:06, Offset ,Code , 31 ,Info , off:1 x=-2.48 n=-1.71 p=-3.25 P1=-767.60 P2=785.02 
2016-08-03, 14:17:07, Cycletime ,Code , 99 ,Info , Laad Station:1 van Buffer:1 |Time:56.96 
2016-08-03, 14:18:11, Offset ,Code , 31 ,Info , off:2 x=-0.35 n=-0.88 p=0.18 P1=-768.43 P2=781.59 
2016-08-03, 14:18:12, Cycletime ,Code , 99 ,Info , Laad Station:2 van Buffer:1 |Time:64.95 
2016-08-03, 14:19:09, Offset ,Code , 31 ,Info , off:3 x=0.96 n=1.23 p=0.69 P1=-770.55 P2=781.08 
2016-08-03, 14:19:10, Cycletime ,Code , 99 ,Info , Laad Station:3 van Buffer:1 |Time:58.28 
2016-08-03, 14:20:15, Offset ,Code , 31 ,Info , off:4 x=2.28 n=0.94 p=3.63 P1=-770.25 P2=778.15 
2016-08-03, 14:20:16, Cycletime ,Code , 99 ,Info , Laad Station:4 van Buffer:1 |Time:65.83 
2016-08-03, 14:24:26, Cycletime ,Code , 99 ,Info , Sation:1 Boren Type:4 |Time:250.32 
2016-08-03, 14:27:35, Cycletime ,Code , 99 ,Info , Sation:2 Boren Type:4 |Time:188.81 
2016-08-03, 14:30:44, Cycletime ,Code , 99 ,Info , Sation:3 Boren Type:4 |Time:188.85 
2016-08-03, 14:33:53, Cycletime ,Code , 99 ,Info , Sation:4 Boren Type:4 |Time:188.78 
2016-08-03, 14:38:33, Cycletime ,Code , 99 ,Info , Sation:1 Frezen Type:4 |Time:280.35 
2016-08-03, 14:47:07, Cycletime ,Code , 99 ,Info , Sation:2 Frezen Type:4 |Time:513.77 
2016-08-03, 14:51:08, Cycletime ,Code , 99 ,Info , Sation:3 Frezen Type:4 |Time:240.97 
2016-08-03, 14:55:49, Cycletime ,Code , 99 ,Info , Sation:4 Frezen Type:4 |Time:281.58 
2016-08-03, 14:56:43, Cycletime ,Code , 99 ,Info , Ontlaad Station:4 naar buffer:4 |Time:53.98 
2016-08-03, 14:57:14, Cycletime ,Code , 99 ,Info , Ontlaad Station:3 naar buffer:4 |Time:30.13 
2016-08-03, 14:58:11, Cycletime ,Code , 99 ,Info , Ontlaad Station:2 naar buffer:4 |Time:57.40 
2016-08-03, 14:58:50, Cycletime ,Code , 99 ,Info , Ontlaad Station:1 naar buffer:4 |Time:38.73 
2016-08-03, 15:00:55, Main ,Code , 18 ,Info , PP to main 
2016-08-03, 15:02:46, Offset ,Code , 31 ,Info , off:1 x=0.81 n=1.03 p=0.60 P1=-770.35 P2=781.18 
2016-08-03, 15:02:46, Cycletime ,Code , 99 ,Info , Laad Station:1 van Buffer:1 |Time:97.04 
2016-08-03, 15:03:49, Main ,Code , 18 ,Info , PP to main 
2016-08-03, 15:04:51, mBuffer ,Code , 8 ,Info , Buffer:1 leeg (rDecr) 
2016-08-03, 15:05:34, Offset ,Code , 31 ,Info , off:2 x=2.85 n=3.11 p=2.59 P1=-772.43 P2=779.19 
2016-08-03, 15:05:35, Cycletime ,Code , 99 ,Info , Laad Station:2 van Buffer:1 |Time:94.86 
2016-08-03, 15:07:31, mBuffer ,Code , 40 ,Info , Safety reset on Left side! 
2016-08-03, 15:08:07, mBuffer ,Code , 40 ,Info , Safety reset on Left side! 
2016-08-03, 15:10:03, Cycletime ,Code , 99 ,Info , Sation:1 Boren Type:4 |Time:254.08 
2016-08-03, 15:13:12, Cycletime ,Code , 99 ,Info , Sation:2 Boren Type:4 |Time:188.80 
2016-08-03, 15:17:49, Cycletime ,Code , 99 ,Info , Sation:1 Frezen Type:4 |Time:277.06 
2016-08-03, 15:21:05, Cycletime ,Code , 99 ,Info , Sation:2 Frezen Type:4 |Time:195.22 
2016-08-03, 15:22:37, mBuffer ,Code , 40 ,Info , Safety reset on Left side! 
2016-08-03, 15:23:44, Cycletime ,Code , 99 ,Info , Ontlaad Station:2 naar buffer:4 |Time:69.28 
2016-08-03, 15:24:23, Cycletime ,Code , 99 ,Info , Ontlaad Station:1 naar buffer:4 |Time:38.73 
2016-08-03, 15:25:38, Offset ,Code , 31 ,Info , off:1 x=3.14 n=3.01 p=3.26 P1=-772.33 P2=778.51 
2016-08-03, 15:25:39, Cycletime ,Code , 99 ,Info , Laad Station:1 van Buffer:2 |Time:75.25 
2016-08-03, 15:26:06, Main ,Code , 18 ,Info , PP to main 
2016-08-03, 15:28:39, Offset ,Code , 31 ,Info , off:2 x=3.33 n=3.10 p=3.56 P1=-772.41 P2=778.21 
2016-08-03, 15:28:40, Cycletime ,Code , 99 ,Info , Laad Station:2 van Buffer:2 |Time:122.13 
2016-08-03, 15:29:31, Offset ,Code , 31 ,Info , off:3 x=3.46 n=3.28 p=3.64 P1=-772.60 P2=778.13 
2016-08-03, 15:29:32, Cycletime ,Code , 99 ,Info , Laad Station:3 van Buffer:2 |Time:51.81 
2016-08-03, 15:30:30, Offset ,Code , 31 ,Info , off:4 x=3.73 n=3.28 p=4.18 P1=-772.60 P2=777.59 
2016-08-03, 15:30:31, Cycletime ,Code , 99 ,Info , Laad Station:4 van Buffer:2 |Time:59.00 
2016-08-03, 15:37:30, Cycletime ,Code , 99 ,Info , Sation:1 Boren Type:4 |Time:418.52 
2016-08-03, 15:40:33, Cycletime ,Code , 99 ,Info , Sation:2 Boren Type:4 |Time:183.68 
2016-08-03, 15:43:18, mBuffer ,Code , 40 ,Info , Safety reset on Left side! 
2016-08-03, 15:43:37, Cycletime ,Code , 99 ,Info , Sation:3 Boren Type:4 |Time:183.60 
2016-08-03, 15:44:53, mBuffer ,Code , 40 ,Info , Safety reset on Left side! 
2016-08-03, 15:44:53, mBuffer ,Code , 41 ,Info , Safety reset on Right side! 
2016-08-03, 15:46:41, Cycletime ,Code , 99 ,Info , Sation:4 Boren Type:4 |Time:183.55 
2016-08-03, 15:50:30, Cycletime ,Code , 99 ,Info , Sation:1 Frezen Type:4 |Time:229.48 
2016-08-03, 15:51:23, mBuffer ,Code , 40 ,Info , Safety reset on Left side! 
2016-08-03, 15:53:43, Cycletime ,Code , 99 ,Info , Sation:2 Frezen Type:4 |Time:193.14 
2016-08-03, 15:56:56, Cycletime ,Code , 99 ,Info , Sation:3 Frezen Type:4 |Time:193.19 
2016-08-03, 16:00:09, Cycletime ,Code , 99 ,Info , Sation:4 Frezen Type:4 |Time:193.05 
2016-08-03, 16:02:09, Cycletime ,Code , 99 ,Info , Ontlaad Station:4 naar buffer:4 |Time:39.34 
2016-08-03, 16:02:49, Cycletime ,Code , 99 ,Info , Ontlaad Station:3 naar buffer:4 |Time:40.24 
2016-08-03, 16:03:23, Cycletime ,Code , 99 ,Info , Ontlaad Station:2 naar buffer:4 |Time:33.67 
2016-08-03, 16:04:01, Cycletime ,Code , 99 ,Info , Ontlaad Station:1 naar buffer:4 |Time:37.44 
2016-08-03, 16:05:33, Offset ,Code , 31 ,Info , off:1 x=1.24 n=0.79 p=1.69 P1=-770.11 P2=780.09 
2016-08-03, 16:05:34, Cycletime ,Code , 99 ,Info , Laad Station:1 van Buffer:2 |Time:92.26 
2016-08-03, 16:06:27, Offset ,Code , 31 ,Info , off:2 x=0.93 n=0.96 p=0.90 P1=-770.27 P2=780.88 
2016-08-03, 16:06:28, Cycletime ,Code , 99 ,Info , Laad Station:2 van Buffer:2 |Time:54.24 
2016-08-03, 16:07:24, Offset ,Code , 31 ,Info , off:3 x=2.74 n=2.61 p=2.87 P1=-771.92 P2=778.90 
2016-08-03, 16:07:25, Cycletime ,Code , 99 ,Info , Laad Station:3 van Buffer:2 |Time:56.74 
2016-08-03, 16:08:28, Offset ,Code , 31 ,Info , off:4 x=1.69 n=0.77 p=2.61 P1=-770.08 P2=779.16 
2016-08-03, 16:08:29, Cycletime ,Code , 99 ,Info , Laad Station:4 van Buffer:2 |Time:64.39 
2016-08-03, 16:12:52, Cycletime ,Code , 99 ,Info , Sation:1 Boren Type:4 |Time:262.56 
2016-08-03, 16:16:13, Cycletime ,Code , 99 ,Info , Sation:2 Boren Type:4 |Time:200.73 
2016-08-03, 16:19:33, Cycletime ,Code , 99 ,Info , Sation:3 Boren Type:4 |Time:200.64 
2016-08-03, 16:22:54, Cycletime ,Code , 99 ,Info , Sation:4 Boren Type:4 |Time:200.65 
2016-08-03, 16:27:01, Cycletime ,Code , 99 ,Info , Sation:1 Frezen Type:4 |Time:247.42 
2016-08-03, 16:30:34, Cycletime ,Code , 99 ,Info , Sation:2 Frezen Type:4 |Time:212.77 
2016-08-03, 16:34:07, Cycletime ,Code , 99 ,Info , Sation:3 Frezen Type:4 |Time:212.75 
2016-08-03, 16:37:40, Cycletime ,Code , 99 ,Info , Sation:4 Frezen Type:4 |Time:212.66 
2016-08-03, 16:38:31, Cycletime ,Code , 99 ,Info , Ontlaad Station:4 naar buffer:4 |Time:51.71 
2016-08-03, 16:38:59, Cycletime ,Code , 99 ,Info , Ontlaad Station:3 naar buffer:4 |Time:27.72 
2016-08-03, 16:39:33, Cycletime ,Code , 99 ,Info , Ontlaad Station:2 naar buffer:4 |Time:33.46 
2016-08-03, 16:40:09, Cycletime ,Code , 99 ,Info , Ontlaad Station:1 naar buffer:4 |Time:36.51 
2016-08-03, 16:41:10, Offset ,Code , 31 ,Info , off:1 x=2.73 n=2.65 p=2.82 P1=-771.97 P2=778.96 
2016-08-03, 16:41:10, Cycletime ,Code , 99 ,Info , Laad Station:1 van Buffer:2 |Time:61.26 
2016-08-03, 16:41:55, Offset ,Code , 31 ,Info , off:2 x=4.01 n=4.31 p=3.70 P1=-773.62 P2=778.07 
2016-08-03, 16:41:55, Cycletime ,Code , 99 ,Info , Laad Station:2 van Buffer:2 |Time:44.83 
2016-08-03, 16:42:49, Offset ,Code , 31 ,Info , off:3 x=1.75 n=2.60 p=0.89 P1=-771.91 P2=780.88 
2016-08-03, 16:42:50, Cycletime ,Code , 99 ,Info , Laad Station:3 van Buffer:2 |Time:54.90 
2016-08-03, 16:43:44, Offset ,Code , 31 ,Info , off:4 x=3.20 n=2.58 p=3.83 P1=-771.89 P2=777.95 
2016-08-03, 16:43:45, Cycletime ,Code , 99 ,Info , Laad Station:4 van Buffer:2 |Time:54.85 
2016-08-03, 18:33:04, mBuffer ,Code , 40 ,Info , Safety reset on Left side! 
2016-08-03, 18:37:47, Cycletime ,Code , 99 ,Info , Sation:1 Boren Type:4 |Time:6841.47 
2016-08-03, 18:41:07, Cycletime ,Code , 99 ,Info , Sation:2 Boren Type:4 |Time:200.63 
2016-08-03, 18:44:28, Cycletime ,Code , 99 ,Info , Sation:3 Boren Type:4 |Time:200.62 
2016-08-03, 18:47:49, Cycletime ,Code , 99 ,Info , Sation:4 Boren Type:4 |Time:200.64 
2016-08-03, 18:59:09, Cycletime ,Code , 99 ,Info , Sation:1 Frezen Type:4 |Time:658.63 
2016-08-03, 19:02:42, Cycletime ,Code , 99 ,Info , Sation:2 Frezen Type:4 |Time:212.77 
2016-08-03, 19:06:15, Cycletime ,Code , 99 ,Info , Sation:3 Frezen Type:4 |Time:212.63 
2016-08-03, 19:09:47, Cycletime ,Code , 99 ,Info , Sation:4 Frezen Type:4 |Time:212.64 
2016-08-03, 19:11:00, Cycletime ,Code , 99 ,Info , Ontlaad Station:4 naar buffer:4 |Time:50.86 
2016-08-03, 19:11:29, Cycletime ,Code , 99 ,Info , Ontlaad Station:3 naar buffer:4 |Time:28.08 
2016-08-03, 19:12:02, Cycletime ,Code , 99 ,Info , Ontlaad Station:2 naar buffer:4 |Time:33.68 
2016-08-03, 19:12:40, Cycletime ,Code , 99 ,Info , Ontlaad Station:1 naar buffer:4 |Time:37.46 
2016-08-03, 19:14:10, Offset ,Code , 31 ,Info , off:1 x=0.99 n=0.79 p=1.19 P1=-770.11 P2=780.58 
2016-08-03, 19:14:10, Cycletime ,Code , 99 ,Info , Laad Station:1 van Buffer:2 |Time:90.42 
2016-08-03, 19:17:49, mBuffer ,Code , 40 ,Info , Safety reset on Left side! 
2016-08-04, 07:15:14, Offset ,Code , 31 ,Info , off:2 x=0.75 n=0.66 p=0.84 P1=-769.98 P2=780.94 
2016-08-04, 07:15:14, Cycletime ,Code , 99 ,Info , Laad Station:2 van Buffer:2 |Time:43264.06 
2016-08-04, 08:09:53, Main ,Code , 18 ,Info , PP to main 
2016-08-04, 08:11:39, Main ,Code , 18 ,Info , PP to main 
2016-08-04, 08:18:02, Main ,Code , 18 ,Info , PP to main 
2016-08-04, 08:18:30, Main ,Code , 18 ,Info , PP to main 
2016-08-04, 08:36:16, Main ,Code , 18 ,Info , PP to main 
2016-08-04, 08:43:46, Main ,Code , 18 ,Info , PP to main 
2016-08-04, 09:56:55, Main ,Code , 18 ,Info , PP to main 
2016-08-04, 10:19:00, Main ,Code , 18 ,Info , PP to main 
2016-08-04, 10:27:11, Main ,Code , 18 ,Info , PP to main 
2016-08-04, 10:43:46, Main ,Code , 18 ,Info , PP to main 
2016-08-04, 10:54:59, Main ,Code , 18 ,Info , PP to main 
2016-08-04, 11:01:01, Main ,Code , 18 ,Info , PP to main 
2016-08-04, 11:02:47, Main ,Code , 18 ,Info , PP to main 
2016-08-04, 11:05:40, Main ,Code , 18 ,Info , PP to main 
2016-08-04, 11:09:39, Main ,Code , 18 ,Info , PP to main 
2016-08-04, 11:16:12, Offset ,Code , 31 ,Info , off:3 x=-0.02 n=1.26 p=-1.30 P1=-770.58 P2=783.07 
2016-08-04, 11:16:15, Cycletime ,Code , 99 ,Info , Laad Station:3 van Buffer:2 |Time:357.20 
2016-08-04, 11:17:44, Offset ,Code , 31 ,Info , off:4 x=0.77 n=0.84 p=0.69 P1=-770.16 P2=781.08 
2016-08-04, 11:17:47, Cycletime ,Code , 99 ,Info , Laad Station:4 van Buffer:2 |Time:92.05 
2016-08-04, 11:19:35, Offset ,Code , 31 ,Info , off:1 x=2.76 n=2.64 p=2.87 P1=-771.96 P2=778.90 
2016-08-04, 11:19:36, Cycletime ,Code , 99 ,Info , Laad Station:1 van Buffer:1 |Time:108.87 
2016-08-04, 11:20:33, Offset ,Code , 31 ,Info , off:2 x=1.80 n=2.43 p=1.18 P1=-771.74 P2=780.60 
2016-08-04, 11:20:34, Cycletime ,Code , 99 ,Info , Laad Station:2 van Buffer:1 |Time:58.61 
2016-08-04, 11:25:24, Cycletime ,Code , 99 ,Info , Sation:1 Boren Type:4 |Time:289.51 
2016-08-04, 11:28:45, Cycletime ,Code , 99 ,Info , Sation:2 Boren Type:4 |Time:200.75 
2016-08-04, 11:32:38, Cycletime ,Code , 99 ,Info , Sation:3 Boren Type:4 |Time:233.82 
2016-08-04, 11:35:59, Cycletime ,Code , 99 ,Info , Sation:4 Boren Type:4 |Time:200.67 
2016-08-04, 11:41:11, Main ,Code , 18 ,Info , PP to main 
2016-08-04, 11:41:53, Main ,Code , 18 ,Info , PP to main 
2016-08-04, 11:50:02, Cycletime ,Code , 99 ,Info , Sation:1 Frezen Type:4 |Time:206.37 
2016-08-04, 11:53:13, Cycletime ,Code , 99 ,Info , Sation:2 Frezen Type:4 |Time:190.05 
2016-08-04, 11:56:23, Cycletime ,Code , 99 ,Info , Sation:3 Frezen Type:4 |Time:190.11 
2016-08-04, 11:59:33, Cycletime ,Code , 99 ,Info , Sation:4 Frezen Type:4 |Time:189.82 
2016-08-04, 12:11:52, mBuffer ,Code , 4 ,Info , Kan de balk nergens plaatsen 
2016-08-04, 12:20:29, Main ,Code , 18 ,Info , PP to main 
2016-08-04, 12:45:55, Main ,Code , 18 ,Info , PP to main 
2016-08-04, 12:48:05, Cycletime ,Code , 99 ,Info , Ontlaad Station:3 naar buffer:1 |Time:36.34 
2016-08-04, 12:48:27, Cycletime ,Code , 99 ,Info , Ontlaad Station:2 naar buffer:1 |Time:22.66 
2016-08-04, 12:48:48, Cycletime ,Code , 99 ,Info , Ontlaad Station:1 naar buffer:1 |Time:20.39 
2016-08-04, 12:50:41, Offset ,Code , 31 ,Info , off:1 x=2.30 n=1.27 p=3.34 P1=-770.58 P2=778.44 
2016-08-04, 12:50:42, Cycletime ,Code , 99 ,Info , Laad Station:1 van Buffer:1 |Time:86.45 
2016-08-04, 12:51:37, Offset ,Code , 31 ,Info , off:2 x=1.50 n=1.42 p=1.58 P1=-770.73 P2=780.19 
2016-08-04, 12:51:38, Cycletime ,Code , 99 ,Info , Laad Station:2 van Buffer:1 |Time:56.12 
2016-08-04, 12:52:36, Offset ,Code , 31 ,Info , off:3 x=33.98 n=34.31 p=33.65 P1=-803.62 P2=748.12 
2016-08-04, 12:52:36, Offset ,Code , 31 ,Info , hermeeting 
2016-08-04, 12:55:13, Offset ,Code , 31 ,Info , off:3 x=1.44 n=1.18 p=1.70 P1=-770.50 P2=780.07 
2016-08-04, 12:56:57, Cycletime ,Code , 99 ,Info , Laad Station:3 van Buffer:1 |Time:319.48 
2016-08-04, 12:58:03, Offset ,Code , 31 ,Info , off:4 x=30.86 n=30.37 p=31.36 P1=-799.68 P2=750.41 
2016-08-04, 12:58:03, Offset ,Code , 31 ,Info , hermeeting 
2016-08-04, 12:58:38, Offset ,Code , 31 ,Info , off:4 x=1.38 n=1.23 p=1.54 P1=-770.54 P2=780.24 
2016-08-04, 12:58:39, Cycletime ,Code , 99 ,Info , Laad Station:4 van Buffer:1 |Time:102.06 
2016-08-04, 13:04:08, Cycletime ,Code , 99 ,Info , Sation:1 Boren Type:4 |Time:328.84 
2016-08-04, 13:07:14, Cycletime ,Code , 99 ,Info , Sation:2 Boren Type:4 |Time:186.06 
2016-08-04, 13:10:20, Cycletime ,Code , 99 ,Info , Sation:3 Boren Type:4 |Time:186.09 
2016-08-04, 13:13:26, Cycletime ,Code , 99 ,Info , Sation:4 Boren Type:4 |Time:186.08 
2016-08-04, 13:23:47, Cycletime ,Code , 99 ,Info , Sation:1 Frezen Type:4 |Time:360.04 
2016-08-04, 13:31:46, Cycletime ,Code , 99 ,Info , Sation:2 Frezen Type:4 |Time:479.07 
2016-08-04, 13:35:37, Cycletime ,Code , 99 ,Info , Sation:3 Frezen Type:4 |Time:231.11 
2016-08-04, 13:39:16, Cycletime ,Code , 99 ,Info , Sation:4 Frezen Type:4 |Time:218.62 
2016-08-04, 13:40:16, Cycletime ,Code , 99 ,Info , Ontlaad Station:4 naar buffer:1 |Time:60.63 
2016-08-04, 13:40:43, Cycletime ,Code , 99 ,Info , Ontlaad Station:3 naar buffer:1 |Time:26.66 
2016-08-04, 13:41:05, Cycletime ,Code , 99 ,Info , Ontlaad Station:2 naar buffer:1 |Time:21.72 
2016-08-04, 13:41:05, mSations ,Code , 1 ,Info , Onafgewerkt stuk in station:1 
2016-08-04, 13:57:28, Main ,Code , 18 ,Info , PP to main 
2016-08-04, 13:57:40, mSations ,Code , 1 ,Info , Onafgewerkt stuk in station:1 
2016-08-04, 13:59:52, Main ,Code , 18 ,Info , PP to main 
2016-08-04, 14:02:55, Offset ,Code , 31 ,Info , off:1 x=31.99 n=32.36 p=31.63 P1=-801.67 P2=750.14 
2016-08-04, 14:02:55, Offset ,Code , 31 ,Info , hermeeting 
2016-08-04, 14:03:22, Offset ,Code , 31 ,Info , off:1 x=-0.15 n=0.25 p=-0.55 P1=-769.57 P2=782.33 
2016-08-04, 14:03:22, Cycletime ,Code , 99 ,Info , Laad Station:1 van Buffer:1 |Time:209.99 
2016-08-04, 14:04:17, Offset ,Code , 31 ,Info , off:2 x=-1.62 n=-1.61 p=-1.64 P1=-767.71 P2=783.42 
2016-08-04, 14:04:18, Cycletime ,Code , 99 ,Info , Laad Station:2 van Buffer:1 |Time:55.67 
2016-08-04, 14:05:14, Offset ,Code , 31 ,Info , off:3 x=1.09 n=1.23 p=0.95 P1=-770.54 P2=780.82 
2016-08-04, 14:05:15, Cycletime ,Code , 99 ,Info , Laad Station:3 van Buffer:1 |Time:57.05 
2016-08-04, 14:06:11, Offset ,Code , 31 ,Info , off:4 x=0.91 n=0.37 p=1.44 P1=-769.69 P2=780.33 
2016-08-04, 14:06:12, Cycletime ,Code , 99 ,Info , Laad Station:4 van Buffer:1 |Time:56.70 
2016-08-04, 14:10:23, Cycletime ,Code , 99 ,Info , Sation:1 Boren Type:4 |Time:250.79 
2016-08-04, 14:13:29, Cycletime ,Code , 99 ,Info , Sation:2 Boren Type:4 |Time:186.01 
2016-08-04, 14:16:35, Cycletime ,Code , 99 ,Info , Sation:3 Boren Type:4 |Time:186.09 
2016-08-04, 14:19:41, Cycletime ,Code , 99 ,Info , Sation:4 Boren Type:4 |Time:186.09 
2016-08-04, 14:24:20, Cycletime ,Code , 99 ,Info , Sation:1 Frezen Type:4 |Time:278.99 
2016-08-04, 14:28:23, Cycletime ,Code , 99 ,Info , Sation:2 Frezen Type:4 |Time:242.75 
2016-08-04, 14:31:30, Cycletime ,Code , 99 ,Info , Sation:3 Frezen Type:4 |Time:187.64 
2016-08-04, 14:34:31, Cycletime ,Code , 99 ,Info , Sation:4 Frezen Type:4 |Time:180.81 
2016-08-04, 14:36:32, Cycletime ,Code , 99 ,Info , Ontlaad Station:4 naar buffer:1 |Time:33.08 
2016-08-04, 14:37:00, Cycletime ,Code , 99 ,Info , Ontlaad Station:3 naar buffer:1 |Time:27.88 
2016-08-04, 14:37:22, Cycletime ,Code , 99 ,Info , Ontlaad Station:2 naar buffer:1 |Time:22.14 
2016-08-04, 14:37:42, Cycletime ,Code , 99 ,Info , Ontlaad Station:1 naar buffer:1 |Time:20.29 
2016-08-04, 14:38:36, Offset ,Code , 31 ,Info , off:1 x=1.36 n=1.27 p=1.45 P1=-770.58 P2=780.33 
2016-08-04, 14:38:36, Cycletime ,Code , 99 ,Info , Laad Station:1 van Buffer:1 |Time:53.89 
2016-08-04, 14:39:23, Offset ,Code , 31 ,Info , off:2 x=-0.04 n=0.33 p=-0.41 P1=-769.64 P2=782.19 
2016-08-04, 14:39:23, Cycletime ,Code , 99 ,Info , Laad Station:2 van Buffer:1 |Time:47.24 
2016-08-04, 14:40:20, Offset ,Code , 31 ,Info , off:3 x=-2.55 n=-1.76 p=-3.34 P1=-767.56 P2=785.11 
2016-08-04, 14:40:20, Cycletime ,Code , 99 ,Info , Laad Station:3 van Buffer:1 |Time:56.99 
2016-08-04, 14:41:24, Offset ,Code , 31 ,Info , off:4 x=-1.76 n=-1.99 p=-1.53 P1=-767.33 P2=783.31 
2016-08-04, 14:41:25, Cycletime ,Code , 99 ,Info , Laad Station:4 van Buffer:1 |Time:64.49 
2016-08-04, 14:45:35, Cycletime ,Code , 99 ,Info , Sation:1 Boren Type:4 |Time:249.80 
2016-08-04, 14:48:41, Cycletime ,Code , 99 ,Info , Sation:2 Boren Type:4 |Time:186.07 
2016-08-04, 14:51:47, Cycletime ,Code , 99 ,Info , Sation:3 Boren Type:4 |Time:186.00 
2016-08-04, 14:54:53, Cycletime ,Code , 99 ,Info , Sation:4 Boren Type:4 |Time:186.11 
2016-08-04, 14:58:28, Cycletime ,Code , 99 ,Info , Sation:1 Frezen Type:4 |Time:214.97 
2016-08-04, 15:01:29, Cycletime ,Code , 99 ,Info , Sation:2 Frezen Type:4 |Time:180.71 
2016-08-04, 15:04:29, Cycletime ,Code , 99 ,Info , Sation:3 Frezen Type:4 |Time:180.75 
2016-08-04, 15:07:54, Cycletime ,Code , 99 ,Info , Sation:4 Frezen Type:4 |Time:205.00 
2016-08-04, 15:08:57, Cycletime ,Code , 99 ,Info , Ontlaad Station:4 naar buffer:1 |Time:62.24 
2016-08-04, 15:09:25, Cycletime ,Code , 99 ,Info , Ontlaad Station:3 naar buffer:1 |Time:27.89 
2016-08-04, 15:09:47, Cycletime ,Code , 99 ,Info , Ontlaad Station:2 naar buffer:1 |Time:22.08 
2016-08-04, 15:14:15, Cycletime ,Code , 99 ,Info , Ontlaad Station:1 naar buffer:1 |Time:268.04 
2016-08-04, 15:15:08, Offset ,Code , 31 ,Info , off:1 x=-1.54 n=-1.65 p=-1.43 P1=-767.67 P2=783.20 
2016-08-04, 15:15:08, Cycletime ,Code , 99 ,Info , Laad Station:1 van Buffer:1 |Time:53.60 
2016-08-04, 15:16:04, Offset ,Code , 31 ,Info , off:2 x=-1.63 n=-1.65 p=-1.60 P1=-767.66 P2=783.37 
2016-08-04, 15:16:04, Cycletime ,Code , 99 ,Info , Laad Station:2 van Buffer:1 |Time:55.87 
2016-08-04, 15:16:54, Offset ,Code , 31 ,Info , off:3 x=-1.03 n=-1.76 p=-0.31 P1=-767.56 P2=782.08 
2016-08-04, 15:16:55, Cycletime ,Code , 99 ,Info , Laad Station:3 van Buffer:1 |Time:50.21 
2016-08-04, 15:17:51, Offset ,Code , 31 ,Info , off:4 x=-0.94 n=-1.63 p=-0.26 P1=-767.69 P2=782.03 
2016-08-04, 15:17:51, Cycletime ,Code , 99 ,Info , Laad Station:4 van Buffer:1 |Time:56.85 
2016-08-04, 15:22:00, Cycletime ,Code , 99 ,Info , Sation:1 Boren Type:4 |Time:248.75 
2016-08-04, 15:25:27, Cycletime ,Code , 99 ,Info , Sation:1 Frezen Type:4 |Time:206.56 
2016-08-04, 15:29:09, mBuffer ,Code , 5 ,Info , Buffer:2 Vol (target) 
2016-08-04, 15:29:09, Cycletime ,Code , 99 ,Info , Ontlaad Station:1 naar buffer:2 |Time:136.17 
2016-08-04, 15:33:30, Cycletime ,Code , 99 ,Info , Sation:2 Boren Type:4 |Time:259.77 
2016-08-04, 15:36:36, Cycletime ,Code , 99 ,Info , Sation:3 Boren Type:4 |Time:186.00 
2016-08-04, 15:39:42, Cycletime ,Code , 99 ,Info , Sation:4 Boren Type:4 |Time:186.11 
2016-08-04, 15:43:19, Cycletime ,Code , 99 ,Info , Sation:2 Frezen Type:4 |Time:216.73 
2016-08-04, 15:46:20, Cycletime ,Code , 99 ,Info , Sation:3 Frezen Type:4 |Time:180.77 
2016-08-04, 15:49:21, Cycletime ,Code , 99 ,Info , Sation:4 Frezen Type:4 |Time:180.74 
2016-08-04, 15:50:45, Offset ,Code , 31 ,Info , off:1 x=-0.19 n=-0.03 p=-0.36 P1=-769.29 P2=782.13 
2016-08-04, 15:50:45, Cycletime ,Code , 99 ,Info , Laad Station:1 van Buffer:1 |Time:84.67 
2016-08-04, 15:51:18, Cycletime ,Code , 99 ,Info , Ontlaad Station:4 naar buffer:1 |Time:33.08 
2016-08-04, 15:51:47, Cycletime ,Code , 99 ,Info , Ontlaad Station:3 naar buffer:1 |Time:28.66 
2016-08-04, 15:52:10, Cycletime ,Code , 99 ,Info , Ontlaad Station:2 naar buffer:1 |Time:22.74 
2016-08-04, 15:53:06, Offset ,Code , 31 ,Info , off:2 x=1.32 n=1.10 p=1.55 P1=-770.42 P2=780.23 
2016-08-04, 15:53:07, Cycletime ,Code , 99 ,Info , Laad Station:2 van Buffer:1 |Time:56.99 
2016-08-04, 15:54:04, Offset ,Code , 31 ,Info , off:3 x=-3.56 n=-3.69 p=-3.43 P1=-765.62 P2=785.20 
2016-08-04, 15:54:05, Cycletime ,Code , 99 ,Info , Laad Station:3 van Buffer:1 |Time:58.22 
2016-08-04, 15:55:09, Offset ,Code , 31 ,Info , off:4 x=-3.49 n=-3.62 p=-3.37 P1=-765.70 P2=785.15 
2016-08-04, 15:55:10, Cycletime ,Code , 99 ,Info , Laad Station:4 van Buffer:1 |Time:64.81 
2016-08-04, 15:59:20, Cycletime ,Code , 99 ,Info , Sation:1 Boren Type:4 |Time:249.77 
2016-08-04, 16:02:26, Cycletime ,Code , 99 ,Info , Sation:2 Boren Type:4 |Time:186.10 
2016-08-04, 16:05:32, Cycletime ,Code , 99 ,Info , Sation:3 Boren Type:4 |Time:186.00 
2016-08-04, 16:08:38, Cycletime ,Code , 99 ,Info , Sation:4 Boren Type:4 |Time:186.02 
2016-08-04, 16:12:12, Cycletime ,Code , 99 ,Info , Sation:1 Frezen Type:4 |Time:214.03 
2016-08-04, 16:15:13, Cycletime ,Code , 99 ,Info , Sation:2 Frezen Type:4 |Time:180.76 
2016-08-04, 16:18:14, Cycletime ,Code , 99 ,Info , Sation:3 Frezen Type:4 |Time:180.82 
2016-08-04, 16:21:15, Cycletime ,Code , 99 ,Info , Sation:4 Frezen Type:4 |Time:180.87 
2016-08-04, 16:22:17, Cycletime ,Code , 99 ,Info , Ontlaad Station:4 naar buffer:1 |Time:62.79 
2016-08-04, 16:22:45, Cycletime ,Code , 99 ,Info , Ontlaad Station:3 naar buffer:1 |Time:27.50 
2016-08-04, 16:23:07, Cycletime ,Code , 99 ,Info , Ontlaad Station:2 naar buffer:1 |Time:22.46 
2016-08-04, 16:23:28, Cycletime ,Code , 99 ,Info , Ontlaad Station:1 naar buffer:1 |Time:20.64 
2016-08-04, 16:24:22, Offset ,Code , 31 ,Info , off:1 x=-2.56 n=-3.69 p=-1.43 P1=-765.62 P2=783.20 
2016-08-04, 16:24:23, Cycletime ,Code , 99 ,Info , Laad Station:1 van Buffer:1 |Time:54.84 
2016-08-04, 16:25:18, Offset ,Code , 31 ,Info , off:2 x=11.45 n=11.34 p=11.55 P1=-780.66 P2=770.23 
2016-08-04, 16:25:18, Offset ,Code , 31 ,Info , hermeeting 
2016-08-04, 16:25:45, Offset ,Code , 31 ,Info , off:2 x=-0.04 n=0.33 p=-0.41 P1=-769.65 P2=782.19 
2016-08-04, 16:25:46, Cycletime ,Code , 99 ,Info , Laad Station:2 van Buffer:1 |Time:82.85 
2016-08-04, 16:26:44, Offset ,Code , 31 ,Info , off:3 x=-1.54 n=-1.70 p=-1.38 P1=-767.61 P2=783.16 
2016-08-04, 16:26:44, Cycletime ,Code , 99 ,Info , Laad Station:3 van Buffer:1 |Time:58.42 
2016-08-04, 16:27:41, Offset ,Code , 31 ,Info , off:4 x=-1.30 n=-1.99 p=-0.61 P1=-767.32 P2=782.39 
2016-08-04, 16:27:41, Cycletime ,Code , 99 ,Info , Laad Station:4 van Buffer:1 |Time:57.09 
2016-08-04, 16:31:53, Cycletime ,Code , 99 ,Info , Sation:1 Boren Type:4 |Time:251.73 
2016-08-04, 16:34:59, Cycletime ,Code , 99 ,Info , Sation:2 Boren Type:4 |Time:186.01 
2016-08-04, 16:38:05, Cycletime ,Code , 99 ,Info , Sation:3 Boren Type:4 |Time:186.01 
2016-08-04, 16:41:11, Cycletime ,Code , 99 ,Info , Sation:4 Boren Type:4 |Time:186.09 
2016-08-04, 18:11:49, Cycletime ,Code , 99 ,Info , Sation:1 Frezen Type:4 |Time:5438.12 
2016-08-04, 18:14:50, Cycletime ,Code , 99 ,Info , Sation:2 Frezen Type:4 |Time:180.73 
2016-08-04, 18:17:51, Cycletime ,Code , 99 ,Info , Sation:3 Frezen Type:4 |Time:180.80 
2016-08-04, 18:20:52, Cycletime ,Code , 99 ,Info , Sation:4 Frezen Type:4 |Time:180.80 
2016-08-04, 18:31:21, Cycletime ,Code , 99 ,Info , Ontlaad Station:4 naar buffer:1 |Time:629.19 
2016-08-04, 18:31:53, Cycletime ,Code , 99 ,Info , Ontlaad Station:3 naar buffer:1 |Time:31.80 
2016-08-04, 18:32:19, Cycletime ,Code , 99 ,Info , Ontlaad Station:2 naar buffer:1 |Time:25.84 
2016-08-04, 18:32:47, Cycletime ,Code , 99 ,Info , Ontlaad Station:1 naar buffer:1 |Time:28.25 
2016-08-04, 18:33:32, Offset ,Code , 31 ,Info , off:1 x=-0.19 n=0.28 p=-0.67 P1=-769.60 P2=782.45 
2016-08-04, 18:33:32, Cycletime ,Code , 99 ,Info , Laad Station:1 van Buffer:1 |Time:45.17 
2016-08-04, 18:33:44, mBuffer ,Code , 8 ,Info , Buffer:1 leeg (rDecr) 
2016-08-04, 18:34:20, Offset ,Code , 31 ,Info , off:2 x=0.93 n=0.37 p=1.49 P1=-769.68 P2=780.28 
2016-08-04, 18:34:21, Cycletime ,Code , 99 ,Info , Laad Station:2 van Buffer:1 |Time:48.47 
2016-08-04, 18:35:41, Offset ,Code , 31 ,Info , off:3 x=0.31 n=-0.84 p=1.46 P1=-768.48 P2=780.32 
2016-08-04, 18:35:41, Cycletime ,Code , 99 ,Info , Laad Station:3 van Buffer:2 |Time:80.52 
2016-08-04, 18:36:41, Offset ,Code , 31 ,Info , off:4 x=0.39 n=-0.67 p=1.45 P1=-768.64 P2=780.33 
2016-08-04, 18:36:42, Cycletime ,Code , 99 ,Info , Laad Station:4 van Buffer:2 |Time:60.97 
2016-08-04, 18:40:51, Cycletime ,Code , 99 ,Info , Sation:1 Boren Type:4 |Time:248.82 
2016-08-04, 18:43:57, Cycletime ,Code , 99 ,Info , Sation:2 Boren Type:4 |Time:186.08 
2016-08-04, 18:47:03, Cycletime ,Code , 99 ,Info , Sation:3 Boren Type:4 |Time:186.10 
2016-08-04, 18:50:09, Cycletime ,Code , 99 ,Info , Sation:4 Boren Type:4 |Time:186.10 
2016-08-04, 18:53:45, Cycletime ,Code , 99 ,Info , Sation:1 Frezen Type:4 |Time:216.03 
2016-08-04, 18:56:46, Cycletime ,Code , 99 ,Info , Sation:2 Frezen Type:4 |Time:180.74 
2016-08-04, 18:59:47, Cycletime ,Code , 99 ,Info , Sation:3 Frezen Type:4 |Time:180.72 
2016-08-04, 19:02:48, Cycletime ,Code , 99 ,Info , Sation:4 Frezen Type:4 |Time:180.58 
2016-08-04, 19:03:54, Cycletime ,Code , 99 ,Info , Ontlaad Station:4 naar buffer:1 |Time:66.18 
2016-08-04, 19:04:27, Cycletime ,Code , 99 ,Info , Ontlaad Station:3 naar buffer:1 |Time:33.49 
2016-08-04, 19:04:50, Cycletime ,Code , 99 ,Info , Ontlaad Station:2 naar buffer:1 |Time:22.31 
2016-08-04, 19:05:15, Cycletime ,Code , 99 ,Info , Ontlaad Station:1 naar buffer:1 |Time:25.44 
2016-08-04, 19:06:01, Offset ,Code , 31 ,Info , off:1 x=0.82 n=0.29 p=1.34 P1=-769.61 P2=780.44 
2016-08-04, 19:06:01, Cycletime ,Code , 99 ,Info , Laad Station:1 van Buffer:2 |Time:46.19 
2016-08-04, 19:06:44, Offset ,Code , 31 ,Info , off:2 x=0.85 n=0.14 p=1.56 P1=-769.46 P2=780.22 
2016-08-04, 19:06:45, Cycletime ,Code , 99 ,Info , Laad Station:2 van Buffer:2 |Time:43.56 
2016-08-04, 19:07:38, Offset ,Code , 31 ,Info , off:3 x=2.06 n=1.22 p=2.89 P1=-770.54 P2=778.88 
2016-08-04, 19:07:39, Cycletime ,Code , 99 ,Info , Laad Station:3 van Buffer:2 |Time:53.82 
2016-08-04, 19:08:40, Offset ,Code , 31 ,Info , off:4 x=2.39 n=1.33 p=3.44 P1=-770.65 P2=778.33 
2016-08-04, 19:08:40, Cycletime ,Code , 99 ,Info , Laad Station:4 van Buffer:2 |Time:61.68 
2016-08-04, 19:12:52, Cycletime ,Code , 99 ,Info , Sation:1 Boren Type:4 |Time:251.79 
2016-08-04, 19:15:58, Cycletime ,Code , 99 ,Info , Sation:2 Boren Type:4 |Time:186.09 
2016-08-04, 19:19:04, Cycletime ,Code , 99 ,Info , Sation:3 Boren Type:4 |Time:186.08 
2016-08-04, 19:22:11, Cycletime ,Code , 99 ,Info , Sation:4 Boren Type:4 |Time:186.09 
2016-08-04, 19:26:39, Cycletime ,Code , 99 ,Info , Sation:1 Frezen Type:4 |Time:268.03 
2016-08-04, 19:29:39, Cycletime ,Code , 99 ,Info , Sation:2 Frezen Type:4 |Time:180.79 
2016-08-04, 19:32:40, Cycletime ,Code , 99 ,Info , Sation:3 Frezen Type:4 |Time:180.75 
2016-08-04, 19:35:41, Cycletime ,Code , 99 ,Info , Sation:4 Frezen Type:4 |Time:180.80 
2016-08-04, 19:40:35, Cycletime ,Code , 99 ,Info , Ontlaad Station:4 naar buffer:1 |Time:293.81 
2016-08-04, 19:41:08, Cycletime ,Code , 99 ,Info , Ontlaad Station:3 naar buffer:1 |Time:32.69 
2016-08-04, 19:41:31, Cycletime ,Code , 99 ,Info , Ontlaad Station:2 naar buffer:1 |Time:23.08 
2016-08-04, 19:41:52, Cycletime ,Code , 99 ,Info , Ontlaad Station:1 naar buffer:1 |Time:20.97 
2016-08-04, 19:42:37, Offset ,Code , 31 ,Info , off:1 x=-1.18 n=-1.69 p=-0.67 P1=-767.62 P2=782.44 
2016-08-04, 19:42:38, Cycletime ,Code , 99 ,Info , Laad Station:1 van Buffer:2 |Time:45.86 
2016-08-04, 19:43:19, Offset ,Code , 31 ,Info , off:2 x=-0.13 n=0.15 p=-0.40 P1=-769.46 P2=782.18 
2016-08-04, 19:43:20, Cycletime ,Code , 99 ,Info , Laad Station:2 van Buffer:2 |Time:42.02